{"/home/torben/cloud/data/public/project/repository/clientNode/testBundle.compiled.js":{"path":"/home/torben/cloud/data/public/project/repository/clientNode/testBundle.compiled.js","statementMap":{"0":{"start":{"line":4,"column":0},"end":{"line":14,"column":34022}},"1":{"start":{"line":4,"column":41},"end":{"line":4,"column":69}},"2":{"start":{"line":4,"column":49},"end":{"line":4,"column":69}},"3":{"start":{"line":4,"column":75},"end":{"line":4,"column":101}},"4":{"start":{"line":4,"column":102},"end":{"line":4,"column":160}},"5":{"start":{"line":4,"column":167},"end":{"line":4,"column":169}},"6":{"start":{"line":4,"column":170},"end":{"line":4,"column":482}},"7":{"start":{"line":4,"column":209},"end":{"line":4,"column":283}},"8":{"start":{"line":4,"column":307},"end":{"line":4,"column":375}},"9":{"start":{"line":4,"column":334},"end":{"line":4,"column":353}},"10":{"start":{"line":4,"column":366},"end":{"line":4,"column":374}},"11":{"start":{"line":4,"column":376},"end":{"line":4,"column":397}},"12":{"start":{"line":4,"column":417},"end":{"line":4,"column":465}},"13":{"start":{"line":4,"column":514},"end":{"line":4,"column":47640}},"14":{"start":{"line":4,"column":541},"end":{"line":4,"column":577}},"15":{"start":{"line":4,"column":578},"end":{"line":4,"column":641}},"16":{"start":{"line":4,"column":647},"end":{"line":4,"column":652}},"17":{"start":{"line":4,"column":655},"end":{"line":4,"column":659}},"18":{"start":{"line":4,"column":662},"end":{"line":4,"column":667}},"19":{"start":{"line":4,"column":670},"end":{"line":4,"column":674}},"20":{"start":{"line":4,"column":677},"end":{"line":4,"column":681}},"21":{"start":{"line":4,"column":684},"end":{"line":4,"column":688}},"22":{"start":{"line":4,"column":691},"end":{"line":4,"column":695}},"23":{"start":{"line":4,"column":698},"end":{"line":4,"column":702}},"24":{"start":{"line":4,"column":705},"end":{"line":4,"column":709}},"25":{"start":{"line":4,"column":712},"end":{"line":4,"column":716}},"26":{"start":{"line":4,"column":719},"end":{"line":4,"column":724}},"27":{"start":{"line":4,"column":727},"end":{"line":4,"column":731}},"28":{"start":{"line":4,"column":734},"end":{"line":4,"column":739}},"29":{"start":{"line":4,"column":742},"end":{"line":4,"column":746}},"30":{"start":{"line":4,"column":749},"end":{"line":4,"column":754}},"31":{"start":{"line":4,"column":757},"end":{"line":4,"column":761}},"32":{"start":{"line":4,"column":764},"end":{"line":4,"column":768}},"33":{"start":{"line":4,"column":771},"end":{"line":4,"column":775}},"34":{"start":{"line":4,"column":778},"end":{"line":4,"column":782}},"35":{"start":{"line":4,"column":785},"end":{"line":4,"column":789}},"36":{"start":{"line":4,"column":796},"end":{"line":4,"column":798}},"37":{"start":{"line":4,"column":799},"end":{"line":4,"column":837}},"38":{"start":{"line":4,"column":803},"end":{"line":4,"column":826}},"39":{"start":{"line":4,"column":843},"end":{"line":4,"column":845}},"40":{"start":{"line":4,"column":846},"end":{"line":4,"column":886}},"41":{"start":{"line":4,"column":850},"end":{"line":4,"column":875}},"42":{"start":{"line":4,"column":886},"end":{"line":4,"column":941}},"43":{"start":{"line":4,"column":890},"end":{"line":4,"column":930}},"44":{"start":{"line":4,"column":949},"end":{"line":4,"column":1074}},"45":{"start":{"line":4,"column":970},"end":{"line":4,"column":1071}},"46":{"start":{"line":4,"column":1077},"end":{"line":4,"column":1548}},"47":{"start":{"line":4,"column":1093},"end":{"line":4,"column":1536}},"48":{"start":{"line":4,"column":1116},"end":{"line":4,"column":1122}},"49":{"start":{"line":4,"column":1127},"end":{"line":4,"column":1183}},"50":{"start":{"line":4,"column":1157},"end":{"line":4,"column":1183}},"51":{"start":{"line":4,"column":1161},"end":{"line":4,"column":1172}},"52":{"start":{"line":4,"column":1191},"end":{"line":4,"column":1292}},"53":{"start":{"line":4,"column":1288},"end":{"line":4,"column":1292}},"54":{"start":{"line":4,"column":1293},"end":{"line":4,"column":1535}},"55":{"start":{"line":4,"column":1306},"end":{"line":4,"column":1435}},"56":{"start":{"line":4,"column":1337},"end":{"line":4,"column":1346}},"57":{"start":{"line":4,"column":1347},"end":{"line":4,"column":1426}},"58":{"start":{"line":4,"column":1359},"end":{"line":4,"column":1426}},"59":{"start":{"line":4,"column":1379},"end":{"line":4,"column":1426}},"60":{"start":{"line":4,"column":1426},"end":{"line":4,"column":1434}},"61":{"start":{"line":4,"column":1435},"end":{"line":4,"column":1526}},"62":{"start":{"line":4,"column":1536},"end":{"line":4,"column":1544}},"63":{"start":{"line":4,"column":1549},"end":{"line":4,"column":1647}},"64":{"start":{"line":4,"column":1672},"end":{"line":4,"column":1739}},"65":{"start":{"line":4,"column":1750},"end":{"line":4,"column":1889}},"66":{"start":{"line":4,"column":1777},"end":{"line":4,"column":1887}},"67":{"start":{"line":4,"column":1900},"end":{"line":4,"column":1996}},"68":{"start":{"line":4,"column":1998},"end":{"line":4,"column":2012}},"69":{"start":{"line":4,"column":2225},"end":{"line":4,"column":2342}},"70":{"start":{"line":4,"column":2342},"end":{"line":4,"column":2460}},"71":{"start":{"line":4,"column":2393},"end":{"line":4,"column":2460}},"72":{"start":{"line":4,"column":2460},"end":{"line":4,"column":3083}},"73":{"start":{"line":4,"column":2752},"end":{"line":4,"column":2805}},"74":{"start":{"line":4,"column":2978},"end":{"line":4,"column":3031}},"75":{"start":{"line":4,"column":3097},"end":{"line":4,"column":3135}},"76":{"start":{"line":4,"column":3153},"end":{"line":4,"column":3423}},"77":{"start":{"line":4,"column":3447},"end":{"line":4,"column":3547}},"78":{"start":{"line":4,"column":3555},"end":{"line":4,"column":3594}},"79":{"start":{"line":4,"column":3595},"end":{"line":4,"column":3738}},"80":{"start":{"line":4,"column":3678},"end":{"line":4,"column":3738}},"81":{"start":{"line":4,"column":3738},"end":{"line":4,"column":3803}},"82":{"start":{"line":4,"column":3777},"end":{"line":4,"column":3803}},"83":{"start":{"line":4,"column":3803},"end":{"line":4,"column":3887}},"84":{"start":{"line":4,"column":3917},"end":{"line":4,"column":4121}},"85":{"start":{"line":4,"column":3952},"end":{"line":4,"column":4044}},"86":{"start":{"line":4,"column":3966},"end":{"line":4,"column":3970}},"87":{"start":{"line":4,"column":3973},"end":{"line":4,"column":4007}},"88":{"start":{"line":4,"column":3979},"end":{"line":4,"column":4006}},"89":{"start":{"line":4,"column":4008},"end":{"line":4,"column":4039}},"90":{"start":{"line":4,"column":4012},"end":{"line":4,"column":4028}},"91":{"start":{"line":4,"column":4039},"end":{"line":4,"column":4043}},"92":{"start":{"line":4,"column":4045},"end":{"line":4,"column":4119}},"93":{"start":{"line":4,"column":4143},"end":{"line":4,"column":4147}},"94":{"start":{"line":4,"column":4148},"end":{"line":4,"column":4293}},"95":{"start":{"line":4,"column":4186},"end":{"line":4,"column":4289}},"96":{"start":{"line":4,"column":4319},"end":{"line":4,"column":4334}},"97":{"start":{"line":4,"column":4363},"end":{"line":4,"column":4381}},"98":{"start":{"line":4,"column":4382},"end":{"line":4,"column":4444}},"99":{"start":{"line":4,"column":4464},"end":{"line":4,"column":4544}},"100":{"start":{"line":4,"column":4573},"end":{"line":4,"column":4625}},"101":{"start":{"line":4,"column":4577},"end":{"line":4,"column":4606}},"102":{"start":{"line":4,"column":4616},"end":{"line":4,"column":4624}},"103":{"start":{"line":4,"column":4633},"end":{"line":4,"column":4651}},"104":{"start":{"line":4,"column":4652},"end":{"line":4,"column":4694}},"105":{"start":{"line":4,"column":4685},"end":{"line":4,"column":4694}},"106":{"start":{"line":4,"column":4694},"end":{"line":4,"column":4725}},"107":{"start":{"line":4,"column":4716},"end":{"line":4,"column":4725}},"108":{"start":{"line":4,"column":4725},"end":{"line":4,"column":4783}},"109":{"start":{"line":4,"column":4752},"end":{"line":4,"column":4783}},"110":{"start":{"line":4,"column":4756},"end":{"line":4,"column":4772}},"111":{"start":{"line":4,"column":4783},"end":{"line":4,"column":4791}},"112":{"start":{"line":4,"column":4818},"end":{"line":4,"column":4904}},"113":{"start":{"line":4,"column":4835},"end":{"line":4,"column":4904}},"114":{"start":{"line":4,"column":4858},"end":{"line":4,"column":4876}},"115":{"start":{"line":4,"column":4867},"end":{"line":4,"column":4876}},"116":{"start":{"line":4,"column":4882},"end":{"line":4,"column":4904}},"117":{"start":{"line":4,"column":4895},"end":{"line":4,"column":4904}},"118":{"start":{"line":4,"column":4904},"end":{"line":4,"column":4912}},"119":{"start":{"line":4,"column":4937},"end":{"line":4,"column":5023}},"120":{"start":{"line":4,"column":5045},"end":{"line":4,"column":5097}},"121":{"start":{"line":4,"column":5132},"end":{"line":4,"column":5297}},"122":{"start":{"line":4,"column":5155},"end":{"line":4,"column":5166}},"123":{"start":{"line":4,"column":5167},"end":{"line":4,"column":5272}},"124":{"start":{"line":4,"column":5238},"end":{"line":4,"column":5257}},"125":{"start":{"line":4,"column":5250},"end":{"line":4,"column":5257}},"126":{"start":{"line":4,"column":5257},"end":{"line":4,"column":5271}},"127":{"start":{"line":4,"column":5272},"end":{"line":4,"column":5296}},"128":{"start":{"line":4,"column":5329},"end":{"line":4,"column":5908}},"129":{"start":{"line":4,"column":5398},"end":{"line":4,"column":5907}},"130":{"start":{"line":4,"column":5908},"end":{"line":4,"column":5919}},"131":{"start":{"line":4,"column":5933},"end":{"line":4,"column":5969}},"132":{"start":{"line":4,"column":5984},"end":{"line":4,"column":6021}},"133":{"start":{"line":4,"column":6036},"end":{"line":4,"column":6073}},"134":{"start":{"line":4,"column":6091},"end":{"line":4,"column":6127}},"135":{"start":{"line":4,"column":6141},"end":{"line":4,"column":6177}},"136":{"start":{"line":4,"column":6207},"end":{"line":4,"column":6209}},"137":{"start":{"line":4,"column":6210},"end":{"line":4,"column":6368}},"138":{"start":{"line":4,"column":6244},"end":{"line":4,"column":6352}},"139":{"start":{"line":4,"column":6261},"end":{"line":4,"column":6352}},"140":{"start":{"line":4,"column":6352},"end":{"line":4,"column":6367}},"141":{"start":{"line":4,"column":6368},"end":{"line":4,"column":6429}},"142":{"start":{"line":4,"column":6457},"end":{"line":4,"column":6655}},"143":{"start":{"line":4,"column":6483},"end":{"line":4,"column":6490}},"144":{"start":{"line":4,"column":6491},"end":{"line":4,"column":6654}},"145":{"start":{"line":4,"column":6549},"end":{"line":4,"column":6556}},"146":{"start":{"line":4,"column":6557},"end":{"line":4,"column":6652}},"147":{"start":{"line":4,"column":6655},"end":{"line":4,"column":6666}},"148":{"start":{"line":4,"column":6690},"end":{"line":4,"column":6994}},"149":{"start":{"line":4,"column":6716},"end":{"line":4,"column":6720}},"150":{"start":{"line":4,"column":6723},"end":{"line":4,"column":6730}},"151":{"start":{"line":4,"column":6731},"end":{"line":4,"column":6993}},"152":{"start":{"line":4,"column":6789},"end":{"line":4,"column":6796}},"153":{"start":{"line":4,"column":6803},"end":{"line":4,"column":6812}},"154":{"start":{"line":4,"column":6813},"end":{"line":4,"column":6991}},"155":{"start":{"line":4,"column":6938},"end":{"line":4,"column":6946}},"156":{"start":{"line":4,"column":6994},"end":{"line":4,"column":7005}},"157":{"start":{"line":4,"column":7026},"end":{"line":4,"column":7028}},"158":{"start":{"line":4,"column":7029},"end":{"line":4,"column":7420}},"159":{"start":{"line":4,"column":7095},"end":{"line":4,"column":7150}},"160":{"start":{"line":4,"column":7151},"end":{"line":4,"column":7419}},"161":{"start":{"line":4,"column":7157},"end":{"line":4,"column":7410}},"162":{"start":{"line":4,"column":7173},"end":{"line":4,"column":7279}},"163":{"start":{"line":4,"column":7201},"end":{"line":4,"column":7279}},"164":{"start":{"line":4,"column":7284},"end":{"line":4,"column":7410}},"165":{"start":{"line":4,"column":7301},"end":{"line":4,"column":7410}},"166":{"start":{"line":4,"column":7410},"end":{"line":4,"column":7418}},"167":{"start":{"line":4,"column":7426},"end":{"line":4,"column":7455}},"168":{"start":{"line":4,"column":7456},"end":{"line":4,"column":7521}},"169":{"start":{"line":4,"column":7462},"end":{"line":4,"column":7512}},"170":{"start":{"line":4,"column":7479},"end":{"line":4,"column":7512}},"171":{"start":{"line":4,"column":7512},"end":{"line":4,"column":7520}},"172":{"start":{"line":4,"column":7521},"end":{"line":4,"column":7605}},"173":{"start":{"line":4,"column":7551},"end":{"line":4,"column":7605}},"174":{"start":{"line":4,"column":7568},"end":{"line":4,"column":7605}},"175":{"start":{"line":4,"column":7605},"end":{"line":4,"column":7613}},"176":{"start":{"line":4,"column":7625},"end":{"line":4,"column":7686}},"177":{"start":{"line":4,"column":7720},"end":{"line":4,"column":7738}},"178":{"start":{"line":4,"column":7729},"end":{"line":4,"column":7738}},"179":{"start":{"line":4,"column":7738},"end":{"line":4,"column":8430}},"180":{"start":{"line":4,"column":7755},"end":{"line":4,"column":7792}},"181":{"start":{"line":4,"column":7795},"end":{"line":4,"column":7813}},"182":{"start":{"line":4,"column":7816},"end":{"line":4,"column":7856}},"183":{"start":{"line":4,"column":7857},"end":{"line":4,"column":8122}},"184":{"start":{"line":4,"column":7890},"end":{"line":4,"column":8122}},"185":{"start":{"line":4,"column":7992},"end":{"line":4,"column":8021}},"186":{"start":{"line":4,"column":8026},"end":{"line":4,"column":8122}},"187":{"start":{"line":4,"column":8036},"end":{"line":4,"column":8043}},"188":{"start":{"line":4,"column":8044},"end":{"line":4,"column":8103}},"189":{"start":{"line":4,"column":8056},"end":{"line":4,"column":8090}},"190":{"start":{"line":4,"column":8095},"end":{"line":4,"column":8103}},"191":{"start":{"line":4,"column":8113},"end":{"line":4,"column":8121}},"192":{"start":{"line":4,"column":8122},"end":{"line":4,"column":8429}},"193":{"start":{"line":4,"column":8175},"end":{"line":4,"column":8357}},"194":{"start":{"line":4,"column":8357},"end":{"line":4,"column":8420}},"195":{"start":{"line":4,"column":8380},"end":{"line":4,"column":8420}},"196":{"start":{"line":4,"column":8411},"end":{"line":4,"column":8420}},"197":{"start":{"line":4,"column":8420},"end":{"line":4,"column":8428}},"198":{"start":{"line":4,"column":8430},"end":{"line":4,"column":8438}},"199":{"start":{"line":4,"column":8475},"end":{"line":4,"column":8843}},"200":{"start":{"line":4,"column":8629},"end":{"line":4,"column":8647}},"201":{"start":{"line":4,"column":8650},"end":{"line":4,"column":8690}},"202":{"start":{"line":4,"column":8691},"end":{"line":4,"column":8722}},"203":{"start":{"line":4,"column":8708},"end":{"line":4,"column":8722}},"204":{"start":{"line":4,"column":8722},"end":{"line":4,"column":8754}},"205":{"start":{"line":4,"column":8741},"end":{"line":4,"column":8754}},"206":{"start":{"line":4,"column":8754},"end":{"line":4,"column":8800}},"207":{"start":{"line":4,"column":8786},"end":{"line":4,"column":8800}},"208":{"start":{"line":4,"column":8800},"end":{"line":4,"column":8842}},"209":{"start":{"line":4,"column":8829},"end":{"line":4,"column":8842}},"210":{"start":{"line":4,"column":8843},"end":{"line":4,"column":8853}},"211":{"start":{"line":4,"column":8898},"end":{"line":4,"column":8929}},"212":{"start":{"line":4,"column":8930},"end":{"line":4,"column":9064}},"213":{"start":{"line":4,"column":9092},"end":{"line":4,"column":9138}},"214":{"start":{"line":4,"column":9139},"end":{"line":4,"column":9295}},"215":{"start":{"line":4,"column":9333},"end":{"line":4,"column":9472}},"216":{"start":{"line":4,"column":9368},"end":{"line":4,"column":9370}},"217":{"start":{"line":4,"column":9371},"end":{"line":4,"column":9461}},"218":{"start":{"line":4,"column":9406},"end":{"line":4,"column":9461}},"219":{"start":{"line":4,"column":9426},"end":{"line":4,"column":9455}},"220":{"start":{"line":4,"column":9455},"end":{"line":4,"column":9460}},"221":{"start":{"line":4,"column":9461},"end":{"line":4,"column":9471}},"222":{"start":{"line":4,"column":9466},"end":{"line":4,"column":9471}},"223":{"start":{"line":4,"column":9472},"end":{"line":4,"column":9536}},"224":{"start":{"line":4,"column":9500},"end":{"line":4,"column":9536}},"225":{"start":{"line":4,"column":9536},"end":{"line":4,"column":9544}},"226":{"start":{"line":4,"column":9574},"end":{"line":4,"column":9620}},"227":{"start":{"line":4,"column":9621},"end":{"line":4,"column":9735}},"228":{"start":{"line":4,"column":9690},"end":{"line":4,"column":9711}},"229":{"start":{"line":4,"column":9712},"end":{"line":4,"column":9734}},"230":{"start":{"line":4,"column":9726},"end":{"line":4,"column":9734}},"231":{"start":{"line":4,"column":9735},"end":{"line":4,"column":9746}},"232":{"start":{"line":4,"column":9777},"end":{"line":4,"column":9938}},"233":{"start":{"line":4,"column":9972},"end":{"line":4,"column":10003}},"234":{"start":{"line":4,"column":10004},"end":{"line":4,"column":10022}},"235":{"start":{"line":4,"column":10048},"end":{"line":4,"column":10050}},"236":{"start":{"line":4,"column":10051},"end":{"line":4,"column":10346}},"237":{"start":{"line":4,"column":10056},"end":{"line":4,"column":10346}},"238":{"start":{"line":4,"column":10070},"end":{"line":4,"column":10074}},"239":{"start":{"line":4,"column":10075},"end":{"line":4,"column":10132}},"240":{"start":{"line":4,"column":10092},"end":{"line":4,"column":10132}},"241":{"start":{"line":4,"column":10138},"end":{"line":4,"column":10346}},"242":{"start":{"line":4,"column":10155},"end":{"line":4,"column":10346}},"243":{"start":{"line":4,"column":10187},"end":{"line":4,"column":10204}},"244":{"start":{"line":4,"column":10205},"end":{"line":4,"column":10345}},"245":{"start":{"line":4,"column":10241},"end":{"line":4,"column":10284}},"246":{"start":{"line":4,"column":10346},"end":{"line":4,"column":10549}},"247":{"start":{"line":4,"column":10578},"end":{"line":4,"column":10691}},"248":{"start":{"line":4,"column":10595},"end":{"line":4,"column":10691}},"249":{"start":{"line":4,"column":10691},"end":{"line":4,"column":10699}},"250":{"start":{"line":4,"column":10767},"end":{"line":4,"column":10799}},"251":{"start":{"line":4,"column":10790},"end":{"line":4,"column":10799}},"252":{"start":{"line":4,"column":10805},"end":{"line":4,"column":10808}},"253":{"start":{"line":4,"column":10809},"end":{"line":4,"column":10865}},"254":{"start":{"line":4,"column":10865},"end":{"line":4,"column":10873}},"255":{"start":{"line":4,"column":10910},"end":{"line":4,"column":10992}},"256":{"start":{"line":4,"column":10993},"end":{"line":4,"column":11102}},"257":{"start":{"line":4,"column":11018},"end":{"line":4,"column":11102}},"258":{"start":{"line":4,"column":11108},"end":{"line":4,"column":11153}},"259":{"start":{"line":4,"column":11154},"end":{"line":4,"column":11250}},"260":{"start":{"line":4,"column":11258},"end":{"line":4,"column":11260}},"261":{"start":{"line":4,"column":11261},"end":{"line":4,"column":11376}},"262":{"start":{"line":4,"column":11299},"end":{"line":4,"column":11367}},"263":{"start":{"line":4,"column":11330},"end":{"line":4,"column":11367}},"264":{"start":{"line":4,"column":11367},"end":{"line":4,"column":11375}},"265":{"start":{"line":4,"column":11376},"end":{"line":4,"column":11384}},"266":{"start":{"line":4,"column":11404},"end":{"line":4,"column":11412}},"267":{"start":{"line":4,"column":11441},"end":{"line":4,"column":11589}},"268":{"start":{"line":4,"column":11465},"end":{"line":4,"column":11580}},"269":{"start":{"line":4,"column":11479},"end":{"line":4,"column":11498}},"270":{"start":{"line":4,"column":11505},"end":{"line":4,"column":11507}},"271":{"start":{"line":4,"column":11508},"end":{"line":4,"column":11571}},"272":{"start":{"line":4,"column":11520},"end":{"line":4,"column":11562}},"273":{"start":{"line":4,"column":11537},"end":{"line":4,"column":11562}},"274":{"start":{"line":4,"column":11567},"end":{"line":4,"column":11571}},"275":{"start":{"line":4,"column":11571},"end":{"line":4,"column":11579}},"276":{"start":{"line":4,"column":11580},"end":{"line":4,"column":11588}},"277":{"start":{"line":4,"column":11617},"end":{"line":4,"column":11623}},"278":{"start":{"line":4,"column":11626},"end":{"line":4,"column":11627}},"279":{"start":{"line":4,"column":11630},"end":{"line":4,"column":11632}},"280":{"start":{"line":4,"column":11633},"end":{"line":4,"column":11738}},"281":{"start":{"line":4,"column":11650},"end":{"line":4,"column":11738}},"282":{"start":{"line":4,"column":11754},"end":{"line":4,"column":11785}},"283":{"start":{"line":4,"column":11776},"end":{"line":4,"column":11783}},"284":{"start":{"line":4,"column":11788},"end":{"line":4,"column":11814}},"285":{"start":{"line":4,"column":11793},"end":{"line":4,"column":11813}},"286":{"start":{"line":4,"column":11817},"end":{"line":4,"column":11827}},"287":{"start":{"line":4,"column":11828},"end":{"line":4,"column":11982}},"288":{"start":{"line":4,"column":11836},"end":{"line":4,"column":11864}},"289":{"start":{"line":4,"column":11875},"end":{"line":4,"column":11890}},"290":{"start":{"line":4,"column":11899},"end":{"line":4,"column":11902}},"291":{"start":{"line":4,"column":11905},"end":{"line":4,"column":11977}},"292":{"start":{"line":4,"column":11910},"end":{"line":4,"column":11976}},"293":{"start":{"line":4,"column":11978},"end":{"line":4,"column":11981}},"294":{"start":{"line":4,"column":11982},"end":{"line":4,"column":12057}},"295":{"start":{"line":4,"column":12002},"end":{"line":4,"column":12054}},"296":{"start":{"line":4,"column":12094},"end":{"line":4,"column":12096}},"297":{"start":{"line":4,"column":12099},"end":{"line":4,"column":12103}},"298":{"start":{"line":4,"column":12106},"end":{"line":4,"column":12110}},"299":{"start":{"line":4,"column":12111},"end":{"line":4,"column":12213}},"300":{"start":{"line":4,"column":12126},"end":{"line":4,"column":12212}},"301":{"start":{"line":4,"column":12183},"end":{"line":4,"column":12207}},"302":{"start":{"line":4,"column":12252},"end":{"line":4,"column":12295}},"303":{"start":{"line":4,"column":12296},"end":{"line":4,"column":12455}},"304":{"start":{"line":4,"column":12465},"end":{"line":4,"column":12499}},"305":{"start":{"line":4,"column":12510},"end":{"line":4,"column":12550}},"306":{"start":{"line":4,"column":12622},"end":{"line":4,"column":13097}},"307":{"start":{"line":4,"column":12647},"end":{"line":4,"column":13097}},"308":{"start":{"line":4,"column":12674},"end":{"line":4,"column":12675}},"309":{"start":{"line":4,"column":12676},"end":{"line":4,"column":12741}},"310":{"start":{"line":4,"column":12693},"end":{"line":4,"column":12741}},"311":{"start":{"line":4,"column":12747},"end":{"line":4,"column":13097}},"312":{"start":{"line":4,"column":12777},"end":{"line":4,"column":12844}},"313":{"start":{"line":4,"column":12796},"end":{"line":4,"column":12844}},"314":{"start":{"line":4,"column":12849},"end":{"line":4,"column":13097}},"315":{"start":{"line":4,"column":12888},"end":{"line":4,"column":12890}},"316":{"start":{"line":4,"column":12891},"end":{"line":4,"column":12967}},"317":{"start":{"line":4,"column":12908},"end":{"line":4,"column":12967}},"318":{"start":{"line":4,"column":12967},"end":{"line":4,"column":12992}},"319":{"start":{"line":4,"column":12984},"end":{"line":4,"column":12992}},"320":{"start":{"line":4,"column":12998},"end":{"line":4,"column":13097}},"321":{"start":{"line":4,"column":13010},"end":{"line":4,"column":13097}},"322":{"start":{"line":4,"column":13027},"end":{"line":4,"column":13097}},"323":{"start":{"line":4,"column":13097},"end":{"line":4,"column":13435}},"324":{"start":{"line":4,"column":13105},"end":{"line":4,"column":13435}},"325":{"start":{"line":4,"column":13122},"end":{"line":4,"column":13435}},"326":{"start":{"line":4,"column":13179},"end":{"line":4,"column":13201}},"327":{"start":{"line":4,"column":13204},"end":{"line":4,"column":13226}},"328":{"start":{"line":4,"column":13227},"end":{"line":4,"column":13380}},"329":{"start":{"line":4,"column":13244},"end":{"line":4,"column":13338}},"330":{"start":{"line":4,"column":13285},"end":{"line":4,"column":13290}},"331":{"start":{"line":4,"column":13359},"end":{"line":4,"column":13378}},"332":{"start":{"line":4,"column":13404},"end":{"line":4,"column":13425}},"333":{"start":{"line":4,"column":13426},"end":{"line":4,"column":13434}},"334":{"start":{"line":4,"column":13435},"end":{"line":4,"column":13443}},"335":{"start":{"line":4,"column":13487},"end":{"line":4,"column":13510}},"336":{"start":{"line":4,"column":13524},"end":{"line":4,"column":13526}},"337":{"start":{"line":4,"column":13527},"end":{"line":4,"column":13626}},"338":{"start":{"line":4,"column":13556},"end":{"line":4,"column":13623}},"339":{"start":{"line":4,"column":13666},"end":{"line":4,"column":14147}},"340":{"start":{"line":4,"column":13689},"end":{"line":4,"column":13807}},"341":{"start":{"line":4,"column":13728},"end":{"line":4,"column":13730}},"342":{"start":{"line":4,"column":13731},"end":{"line":4,"column":13798}},"343":{"start":{"line":4,"column":13748},"end":{"line":4,"column":13798}},"344":{"start":{"line":4,"column":13798},"end":{"line":4,"column":13806}},"345":{"start":{"line":4,"column":13807},"end":{"line":4,"column":14146}},"346":{"start":{"line":4,"column":13812},"end":{"line":4,"column":14146}},"347":{"start":{"line":4,"column":13834},"end":{"line":4,"column":13913}},"348":{"start":{"line":4,"column":13851},"end":{"line":4,"column":13913}},"349":{"start":{"line":4,"column":13918},"end":{"line":4,"column":14146}},"350":{"start":{"line":4,"column":13945},"end":{"line":4,"column":13946}},"351":{"start":{"line":4,"column":13947},"end":{"line":4,"column":14004}},"352":{"start":{"line":4,"column":13964},"end":{"line":4,"column":14004}},"353":{"start":{"line":4,"column":14010},"end":{"line":4,"column":14146}},"354":{"start":{"line":4,"column":14049},"end":{"line":4,"column":14051}},"355":{"start":{"line":4,"column":14052},"end":{"line":4,"column":14120}},"356":{"start":{"line":4,"column":14069},"end":{"line":4,"column":14120}},"357":{"start":{"line":4,"column":14120},"end":{"line":4,"column":14145}},"358":{"start":{"line":4,"column":14137},"end":{"line":4,"column":14145}},"359":{"start":{"line":4,"column":14147},"end":{"line":4,"column":14155}},"360":{"start":{"line":4,"column":14195},"end":{"line":4,"column":14698}},"361":{"start":{"line":4,"column":14218},"end":{"line":4,"column":14370}},"362":{"start":{"line":4,"column":14249},"end":{"line":4,"column":14262}},"363":{"start":{"line":4,"column":14263},"end":{"line":4,"column":14361}},"364":{"start":{"line":4,"column":14280},"end":{"line":4,"column":14361}},"365":{"start":{"line":4,"column":14361},"end":{"line":4,"column":14369}},"366":{"start":{"line":4,"column":14370},"end":{"line":4,"column":14697}},"367":{"start":{"line":4,"column":14375},"end":{"line":4,"column":14697}},"368":{"start":{"line":4,"column":14402},"end":{"line":4,"column":14403}},"369":{"start":{"line":4,"column":14404},"end":{"line":4,"column":14461}},"370":{"start":{"line":4,"column":14421},"end":{"line":4,"column":14461}},"371":{"start":{"line":4,"column":14467},"end":{"line":4,"column":14697}},"372":{"start":{"line":4,"column":14497},"end":{"line":4,"column":14556}},"373":{"start":{"line":4,"column":14516},"end":{"line":4,"column":14556}},"374":{"start":{"line":4,"column":14561},"end":{"line":4,"column":14697}},"375":{"start":{"line":4,"column":14600},"end":{"line":4,"column":14602}},"376":{"start":{"line":4,"column":14603},"end":{"line":4,"column":14671}},"377":{"start":{"line":4,"column":14620},"end":{"line":4,"column":14671}},"378":{"start":{"line":4,"column":14671},"end":{"line":4,"column":14696}},"379":{"start":{"line":4,"column":14688},"end":{"line":4,"column":14696}},"380":{"start":{"line":4,"column":14698},"end":{"line":4,"column":14706}},"381":{"start":{"line":4,"column":14751},"end":{"line":4,"column":14908}},"382":{"start":{"line":4,"column":14768},"end":{"line":4,"column":14908}},"383":{"start":{"line":4,"column":14908},"end":{"line":4,"column":14916}},"384":{"start":{"line":4,"column":14981},"end":{"line":4,"column":16061}},"385":{"start":{"line":4,"column":15003},"end":{"line":4,"column":16061}},"386":{"start":{"line":4,"column":15009},"end":{"line":4,"column":15097}},"387":{"start":{"line":4,"column":15018},"end":{"line":4,"column":15097}},"388":{"start":{"line":4,"column":15097},"end":{"line":4,"column":15124}},"389":{"start":{"line":4,"column":15112},"end":{"line":4,"column":15124}},"390":{"start":{"line":4,"column":15124},"end":{"line":4,"column":15222}},"391":{"start":{"line":4,"column":15167},"end":{"line":4,"column":15179}},"392":{"start":{"line":4,"column":15180},"end":{"line":4,"column":15202}},"393":{"start":{"line":4,"column":15190},"end":{"line":4,"column":15202}},"394":{"start":{"line":4,"column":15202},"end":{"line":4,"column":15221}},"395":{"start":{"line":4,"column":15230},"end":{"line":4,"column":15370}},"396":{"start":{"line":4,"column":15244},"end":{"line":4,"column":15288}},"397":{"start":{"line":4,"column":15289},"end":{"line":4,"column":15369}},"398":{"start":{"line":4,"column":15371},"end":{"line":4,"column":15622}},"399":{"start":{"line":4,"column":15391},"end":{"line":4,"column":15421}},"400":{"start":{"line":4,"column":15408},"end":{"line":4,"column":15421}},"401":{"start":{"line":4,"column":15426},"end":{"line":4,"column":15622}},"402":{"start":{"line":4,"column":15456},"end":{"line":4,"column":15489}},"403":{"start":{"line":4,"column":15475},"end":{"line":4,"column":15489}},"404":{"start":{"line":4,"column":15494},"end":{"line":4,"column":15622}},"405":{"start":{"line":4,"column":15524},"end":{"line":4,"column":15553}},"406":{"start":{"line":4,"column":15541},"end":{"line":4,"column":15553}},"407":{"start":{"line":4,"column":15558},"end":{"line":4,"column":15622}},"408":{"start":{"line":4,"column":15570},"end":{"line":4,"column":15622}},"409":{"start":{"line":4,"column":15587},"end":{"line":4,"column":15622}},"410":{"start":{"line":4,"column":15628},"end":{"line":4,"column":16061}},"411":{"start":{"line":4,"column":15633},"end":{"line":4,"column":16061}},"412":{"start":{"line":4,"column":16061},"end":{"line":4,"column":16072}},"413":{"start":{"line":4,"column":16104},"end":{"line":4,"column":16146}},"414":{"start":{"line":4,"column":16133},"end":{"line":4,"column":16146}},"415":{"start":{"line":4,"column":16146},"end":{"line":4,"column":16326}},"416":{"start":{"line":4,"column":16215},"end":{"line":4,"column":16252}},"417":{"start":{"line":4,"column":16253},"end":{"line":4,"column":16325}},"418":{"start":{"line":4,"column":16295},"end":{"line":4,"column":16325}},"419":{"start":{"line":4,"column":16326},"end":{"line":4,"column":16341}},"420":{"start":{"line":4,"column":16388},"end":{"line":4,"column":16881}},"421":{"start":{"line":4,"column":16872},"end":{"line":4,"column":16881}},"422":{"start":{"line":4,"column":16881},"end":{"line":4,"column":17123}},"423":{"start":{"line":4,"column":16950},"end":{"line":4,"column":17123}},"424":{"start":{"line":4,"column":16985},"end":{"line":4,"column":16987}},"425":{"start":{"line":4,"column":16988},"end":{"line":4,"column":17120}},"426":{"start":{"line":4,"column":17017},"end":{"line":4,"column":17031}},"427":{"start":{"line":4,"column":17032},"end":{"line":4,"column":17119}},"428":{"start":{"line":4,"column":17047},"end":{"line":4,"column":17099}},"429":{"start":{"line":4,"column":17123},"end":{"line":4,"column":18805}},"430":{"start":{"line":4,"column":17407},"end":{"line":4,"column":17409}},"431":{"start":{"line":4,"column":17410},"end":{"line":4,"column":18625}},"432":{"start":{"line":4,"column":17449},"end":{"line":4,"column":17465}},"433":{"start":{"line":4,"column":17466},"end":{"line":4,"column":17522}},"434":{"start":{"line":4,"column":17513},"end":{"line":4,"column":17522}},"435":{"start":{"line":4,"column":17530},"end":{"line":4,"column":17556}},"436":{"start":{"line":4,"column":17557},"end":{"line":4,"column":17618}},"437":{"start":{"line":4,"column":17609},"end":{"line":4,"column":17618}},"438":{"start":{"line":4,"column":17626},"end":{"line":4,"column":17652}},"439":{"start":{"line":4,"column":17653},"end":{"line":4,"column":17714}},"440":{"start":{"line":4,"column":17705},"end":{"line":4,"column":17714}},"441":{"start":{"line":4,"column":17714},"end":{"line":4,"column":18624}},"442":{"start":{"line":4,"column":17726},"end":{"line":4,"column":17727}},"443":{"start":{"line":4,"column":17728},"end":{"line":4,"column":17855}},"444":{"start":{"line":4,"column":17746},"end":{"line":4,"column":17850}},"445":{"start":{"line":4,"column":17764},"end":{"line":4,"column":17792}},"446":{"start":{"line":4,"column":17793},"end":{"line":4,"column":17808}},"447":{"start":{"line":4,"column":17799},"end":{"line":4,"column":17808}},"448":{"start":{"line":4,"column":17808},"end":{"line":4,"column":17849}},"449":{"start":{"line":4,"column":17850},"end":{"line":4,"column":17854}},"450":{"start":{"line":4,"column":17861},"end":{"line":4,"column":18624}},"451":{"start":{"line":4,"column":17867},"end":{"line":4,"column":17994}},"452":{"start":{"line":4,"column":17886},"end":{"line":4,"column":17994}},"453":{"start":{"line":4,"column":17904},"end":{"line":4,"column":17936}},"454":{"start":{"line":4,"column":17937},"end":{"line":4,"column":17952}},"455":{"start":{"line":4,"column":17943},"end":{"line":4,"column":17952}},"456":{"start":{"line":4,"column":17952},"end":{"line":4,"column":17993}},"457":{"start":{"line":4,"column":18000},"end":{"line":4,"column":18624}},"458":{"start":{"line":4,"column":18006},"end":{"line":4,"column":18363}},"459":{"start":{"line":4,"column":18023},"end":{"line":4,"column":18363}},"460":{"start":{"line":4,"column":18039},"end":{"line":4,"column":18041}},"461":{"start":{"line":4,"column":18050},"end":{"line":4,"column":18052}},"462":{"start":{"line":4,"column":18053},"end":{"line":4,"column":18161}},"463":{"start":{"line":4,"column":18079},"end":{"line":4,"column":18104}},"464":{"start":{"line":4,"column":18105},"end":{"line":4,"column":18160}},"465":{"start":{"line":4,"column":18128},"end":{"line":4,"column":18138}},"466":{"start":{"line":4,"column":18143},"end":{"line":4,"column":18160}},"467":{"start":{"line":4,"column":18149},"end":{"line":4,"column":18154}},"468":{"start":{"line":4,"column":18154},"end":{"line":4,"column":18159}},"469":{"start":{"line":4,"column":18161},"end":{"line":4,"column":18362}},"470":{"start":{"line":4,"column":18173},"end":{"line":4,"column":18343}},"471":{"start":{"line":4,"column":18206},"end":{"line":4,"column":18286}},"472":{"start":{"line":4,"column":18233},"end":{"line":4,"column":18284}},"473":{"start":{"line":4,"column":18287},"end":{"line":4,"column":18336}},"474":{"start":{"line":4,"column":18305},"end":{"line":4,"column":18335}},"475":{"start":{"line":4,"column":18348},"end":{"line":4,"column":18362}},"476":{"start":{"line":4,"column":18354},"end":{"line":4,"column":18362}},"477":{"start":{"line":4,"column":18369},"end":{"line":4,"column":18624}},"478":{"start":{"line":4,"column":18386},"end":{"line":4,"column":18624}},"479":{"start":{"line":4,"column":18410},"end":{"line":4,"column":18437}},"480":{"start":{"line":4,"column":18431},"end":{"line":4,"column":18437}},"481":{"start":{"line":4,"column":18443},"end":{"line":4,"column":18445}},"482":{"start":{"line":4,"column":18446},"end":{"line":4,"column":18505}},"483":{"start":{"line":4,"column":18463},"end":{"line":4,"column":18505}},"484":{"start":{"line":4,"column":18494},"end":{"line":4,"column":18499}},"485":{"start":{"line":4,"column":18499},"end":{"line":4,"column":18504}},"486":{"start":{"line":4,"column":18505},"end":{"line":4,"column":18516}},"487":{"start":{"line":4,"column":18510},"end":{"line":4,"column":18516}},"488":{"start":{"line":4,"column":18516},"end":{"line":4,"column":18623}},"489":{"start":{"line":4,"column":18534},"end":{"line":4,"column":18565}},"490":{"start":{"line":4,"column":18566},"end":{"line":4,"column":18581}},"491":{"start":{"line":4,"column":18572},"end":{"line":4,"column":18581}},"492":{"start":{"line":4,"column":18581},"end":{"line":4,"column":18622}},"493":{"start":{"line":4,"column":18625},"end":{"line":4,"column":18804}},"494":{"start":{"line":4,"column":18668},"end":{"line":4,"column":18749}},"495":{"start":{"line":4,"column":18695},"end":{"line":4,"column":18747}},"496":{"start":{"line":4,"column":18750},"end":{"line":4,"column":18799}},"497":{"start":{"line":4,"column":18768},"end":{"line":4,"column":18798}},"498":{"start":{"line":4,"column":18805},"end":{"line":4,"column":18813}},"499":{"start":{"line":4,"column":18900},"end":{"line":4,"column":18941}},"500":{"start":{"line":4,"column":18932},"end":{"line":4,"column":18941}},"501":{"start":{"line":4,"column":18941},"end":{"line":4,"column":18958}},"502":{"start":{"line":4,"column":18966},"end":{"line":4,"column":19359}},"503":{"start":{"line":4,"column":18976},"end":{"line":4,"column":19000}},"504":{"start":{"line":4,"column":19006},"end":{"line":4,"column":19177}},"505":{"start":{"line":4,"column":19010},"end":{"line":4,"column":19082}},"506":{"start":{"line":4,"column":19092},"end":{"line":4,"column":19176}},"507":{"start":{"line":4,"column":19177},"end":{"line":4,"column":19358}},"508":{"start":{"line":4,"column":19181},"end":{"line":4,"column":19210}},"509":{"start":{"line":4,"column":19220},"end":{"line":4,"column":19357}},"510":{"start":{"line":4,"column":19362},"end":{"line":4,"column":20049}},"511":{"start":{"line":4,"column":19368},"end":{"line":4,"column":19409}},"512":{"start":{"line":4,"column":19400},"end":{"line":4,"column":19409}},"513":{"start":{"line":4,"column":19409},"end":{"line":4,"column":20040}},"514":{"start":{"line":4,"column":19426},"end":{"line":4,"column":20040}},"515":{"start":{"line":4,"column":19594},"end":{"line":4,"column":19623}},"516":{"start":{"line":4,"column":19614},"end":{"line":4,"column":19623}},"517":{"start":{"line":4,"column":19623},"end":{"line":4,"column":19659}},"518":{"start":{"line":4,"column":19647},"end":{"line":4,"column":19659}},"519":{"start":{"line":4,"column":19659},"end":{"line":4,"column":19708}},"520":{"start":{"line":4,"column":19679},"end":{"line":4,"column":19708}},"521":{"start":{"line":4,"column":19688},"end":{"line":4,"column":19708}},"522":{"start":{"line":4,"column":19714},"end":{"line":4,"column":19718}},"523":{"start":{"line":4,"column":19719},"end":{"line":4,"column":19771}},"524":{"start":{"line":4,"column":19746},"end":{"line":4,"column":19750}},"525":{"start":{"line":4,"column":19751},"end":{"line":4,"column":19770}},"526":{"start":{"line":4,"column":19771},"end":{"line":4,"column":19848}},"527":{"start":{"line":4,"column":19802},"end":{"line":4,"column":19806}},"528":{"start":{"line":4,"column":19807},"end":{"line":4,"column":19847}},"529":{"start":{"line":4,"column":19848},"end":{"line":4,"column":19908}},"530":{"start":{"line":4,"column":19868},"end":{"line":4,"column":19908}},"531":{"start":{"line":4,"column":19891},"end":{"line":4,"column":19908}},"532":{"start":{"line":4,"column":19908},"end":{"line":4,"column":19919}},"533":{"start":{"line":4,"column":19935},"end":{"line":4,"column":20012}},"534":{"start":{"line":4,"column":19955},"end":{"line":4,"column":20012}},"535":{"start":{"line":4,"column":19978},"end":{"line":4,"column":20012}},"536":{"start":{"line":4,"column":20012},"end":{"line":4,"column":20034}},"537":{"start":{"line":4,"column":20040},"end":{"line":4,"column":20048}},"538":{"start":{"line":4,"column":20052},"end":{"line":4,"column":20275}},"539":{"start":{"line":4,"column":20058},"end":{"line":4,"column":20266}},"540":{"start":{"line":4,"column":20091},"end":{"line":4,"column":20178}},"541":{"start":{"line":4,"column":20108},"end":{"line":4,"column":20163}},"542":{"start":{"line":4,"column":20128},"end":{"line":4,"column":20163}},"543":{"start":{"line":4,"column":20151},"end":{"line":4,"column":20163}},"544":{"start":{"line":4,"column":20163},"end":{"line":4,"column":20177}},"545":{"start":{"line":4,"column":20178},"end":{"line":4,"column":20265}},"546":{"start":{"line":4,"column":20195},"end":{"line":4,"column":20265}},"547":{"start":{"line":4,"column":20219},"end":{"line":4,"column":20252}},"548":{"start":{"line":4,"column":20240},"end":{"line":4,"column":20252}},"549":{"start":{"line":4,"column":20252},"end":{"line":4,"column":20264}},"550":{"start":{"line":4,"column":20266},"end":{"line":4,"column":20274}},"551":{"start":{"line":4,"column":20276},"end":{"line":4,"column":20288}},"552":{"start":{"line":4,"column":20296},"end":{"line":4,"column":20502}},"553":{"start":{"line":4,"column":20302},"end":{"line":4,"column":20493}},"554":{"start":{"line":4,"column":20334},"end":{"line":4,"column":20493}},"555":{"start":{"line":4,"column":20351},"end":{"line":4,"column":20493}},"556":{"start":{"line":4,"column":20437},"end":{"line":4,"column":20452}},"557":{"start":{"line":4,"column":20453},"end":{"line":4,"column":20492}},"558":{"start":{"line":4,"column":20493},"end":{"line":4,"column":20501}},"559":{"start":{"line":4,"column":20503},"end":{"line":4,"column":20614}},"560":{"start":{"line":4,"column":20536},"end":{"line":4,"column":20574}},"561":{"start":{"line":4,"column":20559},"end":{"line":4,"column":20574}},"562":{"start":{"line":4,"column":20574},"end":{"line":4,"column":20613}},"563":{"start":{"line":4,"column":20597},"end":{"line":4,"column":20613}},"564":{"start":{"line":4,"column":20614},"end":{"line":4,"column":20631}},"565":{"start":{"line":4,"column":20668},"end":{"line":4,"column":20669}},"566":{"start":{"line":4,"column":20672},"end":{"line":4,"column":20674}},"567":{"start":{"line":4,"column":20675},"end":{"line":4,"column":20716}},"568":{"start":{"line":4,"column":20716},"end":{"line":4,"column":21393}},"569":{"start":{"line":4,"column":20981},"end":{"line":4,"column":20985}},"570":{"start":{"line":4,"column":20992},"end":{"line":4,"column":21000}},"571":{"start":{"line":4,"column":21003},"end":{"line":4,"column":21011}},"572":{"start":{"line":4,"column":21012},"end":{"line":4,"column":21388}},"573":{"start":{"line":4,"column":21107},"end":{"line":4,"column":21111}},"574":{"start":{"line":4,"column":21116},"end":{"line":4,"column":21388}},"575":{"start":{"line":4,"column":21174},"end":{"line":4,"column":21216}},"576":{"start":{"line":4,"column":21193},"end":{"line":4,"column":21216}},"577":{"start":{"line":4,"column":21221},"end":{"line":4,"column":21388}},"578":{"start":{"line":4,"column":21321},"end":{"line":4,"column":21379}},"579":{"start":{"line":4,"column":21338},"end":{"line":4,"column":21379}},"580":{"start":{"line":4,"column":21384},"end":{"line":4,"column":21388}},"581":{"start":{"line":4,"column":21388},"end":{"line":4,"column":21392}},"582":{"start":{"line":4,"column":21393},"end":{"line":4,"column":21401}},"583":{"start":{"line":4,"column":21438},"end":{"line":4,"column":21447}},"584":{"start":{"line":4,"column":21448},"end":{"line":4,"column":21609}},"585":{"start":{"line":4,"column":21465},"end":{"line":4,"column":21609}},"586":{"start":{"line":4,"column":21609},"end":{"line":4,"column":21617}},"587":{"start":{"line":4,"column":21649},"end":{"line":4,"column":21923}},"588":{"start":{"line":4,"column":21740},"end":{"line":4,"column":21787}},"589":{"start":{"line":4,"column":21799},"end":{"line":4,"column":21828}},"590":{"start":{"line":4,"column":21840},"end":{"line":4,"column":21871}},"591":{"start":{"line":4,"column":21885},"end":{"line":4,"column":21922}},"592":{"start":{"line":4,"column":22023},"end":{"line":4,"column":22740}},"593":{"start":{"line":4,"column":22081},"end":{"line":4,"column":22151}},"594":{"start":{"line":4,"column":22100},"end":{"line":4,"column":22151}},"595":{"start":{"line":4,"column":22156},"end":{"line":4,"column":22740}},"596":{"start":{"line":4,"column":22218},"end":{"line":4,"column":22740}},"597":{"start":{"line":4,"column":22235},"end":{"line":4,"column":22740}},"598":{"start":{"line":4,"column":22258},"end":{"line":4,"column":22740}},"599":{"start":{"line":4,"column":22282},"end":{"line":4,"column":22627}},"600":{"start":{"line":4,"column":22303},"end":{"line":4,"column":22549}},"601":{"start":{"line":4,"column":22312},"end":{"line":4,"column":22495}},"602":{"start":{"line":4,"column":22342},"end":{"line":4,"column":22495}},"603":{"start":{"line":4,"column":22500},"end":{"line":4,"column":22549}},"604":{"start":{"line":4,"column":22555},"end":{"line":4,"column":22627}},"605":{"start":{"line":4,"column":22564},"end":{"line":4,"column":22627}},"606":{"start":{"line":4,"column":22594},"end":{"line":4,"column":22627}},"607":{"start":{"line":4,"column":22627},"end":{"line":4,"column":22656}},"608":{"start":{"line":4,"column":22662},"end":{"line":4,"column":22740}},"609":{"start":{"line":4,"column":22740},"end":{"line":4,"column":22748}},"610":{"start":{"line":4,"column":22834},"end":{"line":4,"column":22852}},"611":{"start":{"line":4,"column":22843},"end":{"line":4,"column":22852}},"612":{"start":{"line":4,"column":22852},"end":{"line":4,"column":22877}},"613":{"start":{"line":4,"column":22864},"end":{"line":4,"column":22877}},"614":{"start":{"line":4,"column":22877},"end":{"line":4,"column":22909}},"615":{"start":{"line":4,"column":22891},"end":{"line":4,"column":22909}},"616":{"start":{"line":4,"column":22909},"end":{"line":4,"column":22970}},"617":{"start":{"line":4,"column":22931},"end":{"line":4,"column":22970}},"618":{"start":{"line":4,"column":22970},"end":{"line":4,"column":23022}},"619":{"start":{"line":4,"column":23009},"end":{"line":4,"column":23022}},"620":{"start":{"line":4,"column":23022},"end":{"line":4,"column":23181}},"621":{"start":{"line":4,"column":23049},"end":{"line":4,"column":23052}},"622":{"start":{"line":4,"column":23055},"end":{"line":4,"column":23057}},"623":{"start":{"line":4,"column":23058},"end":{"line":4,"column":23148}},"624":{"start":{"line":4,"column":23075},"end":{"line":4,"column":23148}},"625":{"start":{"line":4,"column":23148},"end":{"line":4,"column":23180}},"626":{"start":{"line":4,"column":23181},"end":{"line":4,"column":23389}},"627":{"start":{"line":4,"column":23218},"end":{"line":4,"column":23220}},"628":{"start":{"line":4,"column":23223},"end":{"line":4,"column":23225}},"629":{"start":{"line":4,"column":23226},"end":{"line":4,"column":23362}},"630":{"start":{"line":4,"column":23245},"end":{"line":4,"column":23362}},"631":{"start":{"line":4,"column":23362},"end":{"line":4,"column":23388}},"632":{"start":{"line":4,"column":23389},"end":{"line":4,"column":23562}},"633":{"start":{"line":4,"column":23426},"end":{"line":4,"column":23429}},"634":{"start":{"line":4,"column":23432},"end":{"line":4,"column":23434}},"635":{"start":{"line":4,"column":23435},"end":{"line":4,"column":23525}},"636":{"start":{"line":4,"column":23452},"end":{"line":4,"column":23525}},"637":{"start":{"line":4,"column":23525},"end":{"line":4,"column":23561}},"638":{"start":{"line":4,"column":23568},"end":{"line":4,"column":23571}},"639":{"start":{"line":4,"column":23580},"end":{"line":4,"column":23603}},"640":{"start":{"line":4,"column":23610},"end":{"line":4,"column":23612}},"641":{"start":{"line":4,"column":23613},"end":{"line":4,"column":23712}},"642":{"start":{"line":4,"column":23630},"end":{"line":4,"column":23712}},"643":{"start":{"line":4,"column":23712},"end":{"line":4,"column":23744}},"644":{"start":{"line":4,"column":23768},"end":{"line":4,"column":23770}},"645":{"start":{"line":4,"column":23771},"end":{"line":4,"column":23980}},"646":{"start":{"line":4,"column":23791},"end":{"line":4,"column":23828}},"647":{"start":{"line":4,"column":23818},"end":{"line":4,"column":23828}},"648":{"start":{"line":4,"column":23833},"end":{"line":4,"column":23980}},"649":{"start":{"line":4,"column":23855},"end":{"line":4,"column":23980}},"650":{"start":{"line":4,"column":23885},"end":{"line":4,"column":23915}},"651":{"start":{"line":4,"column":23902},"end":{"line":4,"column":23915}},"652":{"start":{"line":4,"column":23920},"end":{"line":4,"column":23980}},"653":{"start":{"line":4,"column":23932},"end":{"line":4,"column":23980}},"654":{"start":{"line":4,"column":23949},"end":{"line":4,"column":23980}},"655":{"start":{"line":4,"column":23980},"end":{"line":4,"column":23995}},"656":{"start":{"line":4,"column":24034},"end":{"line":4,"column":24531}},"657":{"start":{"line":4,"column":24067},"end":{"line":4,"column":24088}},"658":{"start":{"line":4,"column":24079},"end":{"line":4,"column":24088}},"659":{"start":{"line":4,"column":24088},"end":{"line":4,"column":24173}},"660":{"start":{"line":4,"column":24092},"end":{"line":4,"column":24137}},"661":{"start":{"line":4,"column":24147},"end":{"line":4,"column":24155}},"662":{"start":{"line":4,"column":24164},"end":{"line":4,"column":24172}},"663":{"start":{"line":4,"column":24173},"end":{"line":4,"column":24530}},"664":{"start":{"line":4,"column":24200},"end":{"line":4,"column":24201}},"665":{"start":{"line":4,"column":24202},"end":{"line":4,"column":24247}},"666":{"start":{"line":4,"column":24219},"end":{"line":4,"column":24247}},"667":{"start":{"line":4,"column":24253},"end":{"line":4,"column":24530}},"668":{"start":{"line":4,"column":24283},"end":{"line":4,"column":24330}},"669":{"start":{"line":4,"column":24302},"end":{"line":4,"column":24330}},"670":{"start":{"line":4,"column":24335},"end":{"line":4,"column":24530}},"671":{"start":{"line":4,"column":24374},"end":{"line":4,"column":24376}},"672":{"start":{"line":4,"column":24377},"end":{"line":4,"column":24433}},"673":{"start":{"line":4,"column":24394},"end":{"line":4,"column":24433}},"674":{"start":{"line":4,"column":24433},"end":{"line":4,"column":24458}},"675":{"start":{"line":4,"column":24450},"end":{"line":4,"column":24458}},"676":{"start":{"line":4,"column":24464},"end":{"line":4,"column":24530}},"677":{"start":{"line":4,"column":24481},"end":{"line":4,"column":24530}},"678":{"start":{"line":4,"column":24531},"end":{"line":4,"column":24539}},"679":{"start":{"line":4,"column":24563},"end":{"line":4,"column":24615}},"680":{"start":{"line":4,"column":24615},"end":{"line":4,"column":24642}},"681":{"start":{"line":4,"column":24632},"end":{"line":4,"column":24642}},"682":{"start":{"line":4,"column":24642},"end":{"line":4,"column":24650}},"683":{"start":{"line":4,"column":24679},"end":{"line":4,"column":24681}},"684":{"start":{"line":4,"column":24682},"end":{"line":4,"column":24794}},"685":{"start":{"line":4,"column":24825},"end":{"line":4,"column":24827}},"686":{"start":{"line":4,"column":24828},"end":{"line":4,"column":24883}},"687":{"start":{"line":4,"column":24858},"end":{"line":4,"column":24883}},"688":{"start":{"line":4,"column":24883},"end":{"line":4,"column":24891}},"689":{"start":{"line":4,"column":24945},"end":{"line":4,"column":24946}},"690":{"start":{"line":4,"column":24947},"end":{"line":4,"column":25048}},"691":{"start":{"line":4,"column":24987},"end":{"line":4,"column":24997}},"692":{"start":{"line":4,"column":24997},"end":{"line":4,"column":25047}},"693":{"start":{"line":4,"column":25027},"end":{"line":4,"column":25047}},"694":{"start":{"line":4,"column":25039},"end":{"line":4,"column":25047}},"695":{"start":{"line":4,"column":25048},"end":{"line":4,"column":25056}},"696":{"start":{"line":4,"column":25094},"end":{"line":4,"column":25109}},"697":{"start":{"line":4,"column":25100},"end":{"line":4,"column":25109}},"698":{"start":{"line":4,"column":25117},"end":{"line":4,"column":25119}},"699":{"start":{"line":4,"column":25120},"end":{"line":4,"column":25300}},"700":{"start":{"line":4,"column":25157},"end":{"line":4,"column":25159}},"701":{"start":{"line":4,"column":25160},"end":{"line":4,"column":25287}},"702":{"start":{"line":4,"column":25177},"end":{"line":4,"column":25287}},"703":{"start":{"line":4,"column":25276},"end":{"line":4,"column":25281}},"704":{"start":{"line":4,"column":25281},"end":{"line":4,"column":25286}},"705":{"start":{"line":4,"column":25287},"end":{"line":4,"column":25299}},"706":{"start":{"line":4,"column":25300},"end":{"line":4,"column":25308}},"707":{"start":{"line":4,"column":25342},"end":{"line":4,"column":25344}},"708":{"start":{"line":4,"column":25345},"end":{"line":4,"column":25460}},"709":{"start":{"line":4,"column":25384},"end":{"line":4,"column":25386}},"710":{"start":{"line":4,"column":25387},"end":{"line":4,"column":25450}},"711":{"start":{"line":4,"column":25417},"end":{"line":4,"column":25450}},"712":{"start":{"line":4,"column":25450},"end":{"line":4,"column":25459}},"713":{"start":{"line":4,"column":25460},"end":{"line":4,"column":25468}},"714":{"start":{"line":4,"column":25503},"end":{"line":4,"column":25531}},"715":{"start":{"line":4,"column":25509},"end":{"line":4,"column":25531}},"716":{"start":{"line":4,"column":25539},"end":{"line":4,"column":25541}},"717":{"start":{"line":4,"column":25542},"end":{"line":4,"column":25628}},"718":{"start":{"line":4,"column":25572},"end":{"line":4,"column":25628}},"719":{"start":{"line":4,"column":25628},"end":{"line":4,"column":25636}},"720":{"start":{"line":4,"column":25678},"end":{"line":4,"column":25850}},"721":{"start":{"line":4,"column":25695},"end":{"line":4,"column":25697}},"722":{"start":{"line":4,"column":25698},"end":{"line":4,"column":25841}},"723":{"start":{"line":4,"column":25735},"end":{"line":4,"column":25737}},"724":{"start":{"line":4,"column":25738},"end":{"line":4,"column":25828}},"725":{"start":{"line":4,"column":25755},"end":{"line":4,"column":25828}},"726":{"start":{"line":4,"column":25817},"end":{"line":4,"column":25822}},"727":{"start":{"line":4,"column":25822},"end":{"line":4,"column":25827}},"728":{"start":{"line":4,"column":25828},"end":{"line":4,"column":25840}},"729":{"start":{"line":4,"column":25841},"end":{"line":4,"column":25849}},"730":{"start":{"line":4,"column":25850},"end":{"line":4,"column":25858}},"731":{"start":{"line":4,"column":25901},"end":{"line":4,"column":26081}},"732":{"start":{"line":4,"column":25918},"end":{"line":4,"column":25920}},"733":{"start":{"line":4,"column":25921},"end":{"line":4,"column":26072}},"734":{"start":{"line":4,"column":25958},"end":{"line":4,"column":25960}},"735":{"start":{"line":4,"column":25961},"end":{"line":4,"column":26059}},"736":{"start":{"line":4,"column":25978},"end":{"line":4,"column":26059}},"737":{"start":{"line":4,"column":26048},"end":{"line":4,"column":26053}},"738":{"start":{"line":4,"column":26053},"end":{"line":4,"column":26058}},"739":{"start":{"line":4,"column":26059},"end":{"line":4,"column":26071}},"740":{"start":{"line":4,"column":26072},"end":{"line":4,"column":26080}},"741":{"start":{"line":4,"column":26081},"end":{"line":4,"column":26089}},"742":{"start":{"line":4,"column":26135},"end":{"line":4,"column":26137}},"743":{"start":{"line":4,"column":26138},"end":{"line":4,"column":26155}},"744":{"start":{"line":4,"column":26163},"end":{"line":4,"column":26286}},"745":{"start":{"line":4,"column":26179},"end":{"line":4,"column":26285}},"746":{"start":{"line":4,"column":26277},"end":{"line":4,"column":26285}},"747":{"start":{"line":4,"column":26287},"end":{"line":4,"column":26663}},"748":{"start":{"line":4,"column":26317},"end":{"line":4,"column":26663}},"749":{"start":{"line":4,"column":26339},"end":{"line":4,"column":26633}},"750":{"start":{"line":4,"column":26365},"end":{"line":4,"column":26367}},"751":{"start":{"line":4,"column":26376},"end":{"line":4,"column":26392}},"752":{"start":{"line":4,"column":26393},"end":{"line":4,"column":26610}},"753":{"start":{"line":4,"column":26468},"end":{"line":4,"column":26469}},"754":{"start":{"line":4,"column":26470},"end":{"line":4,"column":26528}},"755":{"start":{"line":4,"column":26488},"end":{"line":4,"column":26523}},"756":{"start":{"line":4,"column":26512},"end":{"line":4,"column":26517}},"757":{"start":{"line":4,"column":26517},"end":{"line":4,"column":26522}},"758":{"start":{"line":4,"column":26523},"end":{"line":4,"column":26527}},"759":{"start":{"line":4,"column":26534},"end":{"line":4,"column":26610}},"760":{"start":{"line":4,"column":26551},"end":{"line":4,"column":26610}},"761":{"start":{"line":4,"column":26599},"end":{"line":4,"column":26604}},"762":{"start":{"line":4,"column":26604},"end":{"line":4,"column":26609}},"763":{"start":{"line":4,"column":26610},"end":{"line":4,"column":26632}},"764":{"start":{"line":4,"column":26616},"end":{"line":4,"column":26626}},"765":{"start":{"line":4,"column":26626},"end":{"line":4,"column":26631}},"766":{"start":{"line":4,"column":26638},"end":{"line":4,"column":26663}},"767":{"start":{"line":4,"column":26663},"end":{"line":4,"column":26671}},"768":{"start":{"line":4,"column":26709},"end":{"line":4,"column":26824}},"769":{"start":{"line":4,"column":26725},"end":{"line":4,"column":26749}},"770":{"start":{"line":4,"column":26754},"end":{"line":4,"column":26824}},"771":{"start":{"line":4,"column":26770},"end":{"line":4,"column":26810}},"772":{"start":{"line":4,"column":26815},"end":{"line":4,"column":26824}},"773":{"start":{"line":4,"column":26832},"end":{"line":4,"column":26835}},"774":{"start":{"line":4,"column":26836},"end":{"line":4,"column":26864}},"775":{"start":{"line":4,"column":26849},"end":{"line":4,"column":26864}},"776":{"start":{"line":4,"column":26864},"end":{"line":4,"column":26872}},"777":{"start":{"line":4,"column":26910},"end":{"line":4,"column":26911}},"778":{"start":{"line":4,"column":26912},"end":{"line":4,"column":27005}},"779":{"start":{"line":4,"column":26942},"end":{"line":4,"column":27005}},"780":{"start":{"line":4,"column":26959},"end":{"line":4,"column":27005}},"781":{"start":{"line":4,"column":27005},"end":{"line":4,"column":27013}},"782":{"start":{"line":4,"column":27048},"end":{"line":4,"column":27122}},"783":{"start":{"line":4,"column":27152},"end":{"line":4,"column":27348}},"784":{"start":{"line":4,"column":27181},"end":{"line":4,"column":27193}},"785":{"start":{"line":4,"column":27194},"end":{"line":4,"column":27289}},"786":{"start":{"line":4,"column":27204},"end":{"line":4,"column":27218}},"787":{"start":{"line":4,"column":27223},"end":{"line":4,"column":27289}},"788":{"start":{"line":4,"column":27228},"end":{"line":4,"column":27289}},"789":{"start":{"line":4,"column":27295},"end":{"line":4,"column":27348}},"790":{"start":{"line":4,"column":27300},"end":{"line":4,"column":27348}},"791":{"start":{"line":4,"column":27348},"end":{"line":4,"column":27356}},"792":{"start":{"line":4,"column":27396},"end":{"line":4,"column":27398}},"793":{"start":{"line":4,"column":27399},"end":{"line":4,"column":27555}},"794":{"start":{"line":4,"column":27416},"end":{"line":4,"column":27555}},"795":{"start":{"line":4,"column":27439},"end":{"line":4,"column":27555}},"796":{"start":{"line":4,"column":27491},"end":{"line":4,"column":27538}},"797":{"start":{"line":4,"column":27524},"end":{"line":4,"column":27538}},"798":{"start":{"line":4,"column":27543},"end":{"line":4,"column":27555}},"799":{"start":{"line":4,"column":27563},"end":{"line":4,"column":27565}},"800":{"start":{"line":4,"column":27566},"end":{"line":4,"column":27625}},"801":{"start":{"line":4,"column":27583},"end":{"line":4,"column":27625}},"802":{"start":{"line":4,"column":27600},"end":{"line":4,"column":27625}},"803":{"start":{"line":4,"column":27633},"end":{"line":4,"column":27635}},"804":{"start":{"line":4,"column":27638},"end":{"line":4,"column":27928}},"805":{"start":{"line":4,"column":27646},"end":{"line":4,"column":27813}},"806":{"start":{"line":4,"column":27677},"end":{"line":4,"column":27813}},"807":{"start":{"line":4,"column":27819},"end":{"line":4,"column":27831}},"808":{"start":{"line":4,"column":27832},"end":{"line":4,"column":27927}},"809":{"start":{"line":4,"column":27849},"end":{"line":4,"column":27859}},"810":{"start":{"line":4,"column":27859},"end":{"line":4,"column":27917}},"811":{"start":{"line":4,"column":27876},"end":{"line":4,"column":27917}},"812":{"start":{"line":4,"column":27917},"end":{"line":4,"column":27926}},"813":{"start":{"line":4,"column":27929},"end":{"line":4,"column":28036}},"814":{"start":{"line":4,"column":27965},"end":{"line":4,"column":27969}},"815":{"start":{"line":4,"column":27970},"end":{"line":4,"column":28035}},"816":{"start":{"line":4,"column":27976},"end":{"line":4,"column":27986}},"817":{"start":{"line":4,"column":27986},"end":{"line":4,"column":28025}},"818":{"start":{"line":4,"column":28003},"end":{"line":4,"column":28025}},"819":{"start":{"line":4,"column":28025},"end":{"line":4,"column":28034}},"820":{"start":{"line":4,"column":28036},"end":{"line":4,"column":28044}},"821":{"start":{"line":4,"column":28091},"end":{"line":4,"column":28154}},"822":{"start":{"line":4,"column":28145},"end":{"line":4,"column":28154}},"823":{"start":{"line":4,"column":28154},"end":{"line":4,"column":28196}},"824":{"start":{"line":4,"column":28196},"end":{"line":4,"column":28299}},"825":{"start":{"line":4,"column":28235},"end":{"line":4,"column":28299}},"826":{"start":{"line":4,"column":28299},"end":{"line":4,"column":28307}},"827":{"start":{"line":4,"column":28367},"end":{"line":4,"column":28486}},"828":{"start":{"line":4,"column":28470},"end":{"line":4,"column":28485}},"829":{"start":{"line":4,"column":28524},"end":{"line":4,"column":28663}},"830":{"start":{"line":4,"column":28705},"end":{"line":4,"column":28755}},"831":{"start":{"line":4,"column":28857},"end":{"line":4,"column":28960}},"832":{"start":{"line":4,"column":29105},"end":{"line":4,"column":29162}},"833":{"start":{"line":4,"column":29163},"end":{"line":4,"column":29202}},"834":{"start":{"line":4,"column":29303},"end":{"line":4,"column":29357}},"835":{"start":{"line":4,"column":29358},"end":{"line":4,"column":29601}},"836":{"start":{"line":4,"column":29797},"end":{"line":4,"column":29822}},"837":{"start":{"line":4,"column":29823},"end":{"line":4,"column":29856}},"838":{"start":{"line":4,"column":29962},"end":{"line":4,"column":29969}},"839":{"start":{"line":4,"column":29972},"end":{"line":4,"column":29974}},"840":{"start":{"line":4,"column":29975},"end":{"line":4,"column":30234}},"841":{"start":{"line":4,"column":29980},"end":{"line":4,"column":29984}},"842":{"start":{"line":4,"column":29989},"end":{"line":4,"column":30234}},"843":{"start":{"line":4,"column":30020},"end":{"line":4,"column":30034}},"844":{"start":{"line":4,"column":30041},"end":{"line":4,"column":30124}},"845":{"start":{"line":4,"column":30132},"end":{"line":4,"column":30146}},"846":{"start":{"line":4,"column":30147},"end":{"line":4,"column":30173}},"847":{"start":{"line":4,"column":30178},"end":{"line":4,"column":30234}},"848":{"start":{"line":4,"column":30240},"end":{"line":4,"column":30245}},"849":{"start":{"line":4,"column":30254},"end":{"line":4,"column":30261}},"850":{"start":{"line":4,"column":30262},"end":{"line":4,"column":30462}},"851":{"start":{"line":4,"column":30283},"end":{"line":4,"column":30285}},"852":{"start":{"line":4,"column":30286},"end":{"line":4,"column":30324}},"853":{"start":{"line":4,"column":30290},"end":{"line":4,"column":30313}},"854":{"start":{"line":4,"column":30332},"end":{"line":4,"column":30344}},"855":{"start":{"line":4,"column":30345},"end":{"line":4,"column":30418}},"856":{"start":{"line":4,"column":30424},"end":{"line":4,"column":30462}},"857":{"start":{"line":4,"column":30468},"end":{"line":4,"column":30485}},"858":{"start":{"line":4,"column":30486},"end":{"line":4,"column":30536}},"859":{"start":{"line":4,"column":30544},"end":{"line":4,"column":30546}},"860":{"start":{"line":4,"column":30547},"end":{"line":4,"column":30697}},"861":{"start":{"line":4,"column":30571},"end":{"line":4,"column":30583}},"862":{"start":{"line":4,"column":30590},"end":{"line":4,"column":30635}},"863":{"start":{"line":4,"column":30594},"end":{"line":4,"column":30620}},"864":{"start":{"line":4,"column":30630},"end":{"line":4,"column":30634}},"865":{"start":{"line":4,"column":30635},"end":{"line":4,"column":30680}},"866":{"start":{"line":4,"column":30639},"end":{"line":4,"column":30665}},"867":{"start":{"line":4,"column":30675},"end":{"line":4,"column":30679}},"868":{"start":{"line":4,"column":30680},"end":{"line":4,"column":30696}},"869":{"start":{"line":4,"column":30697},"end":{"line":4,"column":30712}},"870":{"start":{"line":4,"column":30803},"end":{"line":4,"column":30830}},"871":{"start":{"line":4,"column":30833},"end":{"line":4,"column":30862}},"872":{"start":{"line":4,"column":30865},"end":{"line":4,"column":30892}},"873":{"start":{"line":4,"column":30893},"end":{"line":4,"column":31007}},"874":{"start":{"line":4,"column":31037},"end":{"line":4,"column":31138}},"875":{"start":{"line":4,"column":31168},"end":{"line":4,"column":31253}},"876":{"start":{"line":4,"column":31289},"end":{"line":4,"column":31387}},"877":{"start":{"line":4,"column":31438},"end":{"line":4,"column":31461}},"878":{"start":{"line":4,"column":31469},"end":{"line":4,"column":31509}},"879":{"start":{"line":4,"column":31510},"end":{"line":4,"column":31635}},"880":{"start":{"line":4,"column":31529},"end":{"line":4,"column":31531}},"881":{"start":{"line":4,"column":31532},"end":{"line":4,"column":31580}},"882":{"start":{"line":4,"column":31549},"end":{"line":4,"column":31580}},"883":{"start":{"line":4,"column":31580},"end":{"line":4,"column":31634}},"884":{"start":{"line":4,"column":31635},"end":{"line":4,"column":31763}},"885":{"start":{"line":4,"column":31791},"end":{"line":4,"column":31838}},"886":{"start":{"line":4,"column":31905},"end":{"line":4,"column":31945}},"887":{"start":{"line":4,"column":31946},"end":{"line":4,"column":31969}},"888":{"start":{"line":4,"column":31975},"end":{"line":4,"column":32068}},"889":{"start":{"line":4,"column":31980},"end":{"line":4,"column":31994}},"890":{"start":{"line":4,"column":31999},"end":{"line":4,"column":32004}},"891":{"start":{"line":4,"column":32004},"end":{"line":4,"column":32067}},"892":{"start":{"line":4,"column":32021},"end":{"line":4,"column":32067}},"893":{"start":{"line":4,"column":32074},"end":{"line":4,"column":32076}},"894":{"start":{"line":4,"column":32077},"end":{"line":4,"column":32321}},"895":{"start":{"line":4,"column":32197},"end":{"line":4,"column":32216}},"896":{"start":{"line":4,"column":32292},"end":{"line":4,"column":32307}},"897":{"start":{"line":4,"column":32350},"end":{"line":4,"column":32363}},"898":{"start":{"line":4,"column":32369},"end":{"line":4,"column":32370}},"899":{"start":{"line":4,"column":32371},"end":{"line":4,"column":32443}},"900":{"start":{"line":4,"column":32388},"end":{"line":4,"column":32443}},"901":{"start":{"line":4,"column":32443},"end":{"line":4,"column":32451}},"902":{"start":{"line":4,"column":32498},"end":{"line":4,"column":32548}},"903":{"start":{"line":4,"column":32575},"end":{"line":4,"column":32622}},"904":{"start":{"line":4,"column":32672},"end":{"line":4,"column":32692}},"905":{"start":{"line":4,"column":32694},"end":{"line":4,"column":32886}},"906":{"start":{"line":4,"column":32712},"end":{"line":4,"column":32886}},"907":{"start":{"line":4,"column":32740},"end":{"line":4,"column":32886}},"908":{"start":{"line":4,"column":32776},"end":{"line":4,"column":32806}},"909":{"start":{"line":4,"column":32792},"end":{"line":4,"column":32806}},"910":{"start":{"line":4,"column":32806},"end":{"line":4,"column":32885}},"911":{"start":{"line":4,"column":32834},"end":{"line":4,"column":32885}},"912":{"start":{"line":4,"column":32872},"end":{"line":4,"column":32885}},"913":{"start":{"line":4,"column":32886},"end":{"line":4,"column":32897}},"914":{"start":{"line":4,"column":32967},"end":{"line":4,"column":32987}},"915":{"start":{"line":4,"column":32989},"end":{"line":4,"column":33370}},"916":{"start":{"line":4,"column":33008},"end":{"line":4,"column":33045}},"917":{"start":{"line":4,"column":33051},"end":{"line":4,"column":33052}},"918":{"start":{"line":4,"column":33053},"end":{"line":4,"column":33092}},"919":{"start":{"line":4,"column":33070},"end":{"line":4,"column":33092}},"920":{"start":{"line":4,"column":33092},"end":{"line":4,"column":33369}},"921":{"start":{"line":4,"column":33119},"end":{"line":4,"column":33204}},"922":{"start":{"line":4,"column":33136},"end":{"line":4,"column":33204}},"923":{"start":{"line":4,"column":33204},"end":{"line":4,"column":33368}},"924":{"start":{"line":4,"column":33210},"end":{"line":4,"column":33341}},"925":{"start":{"line":4,"column":33335},"end":{"line":4,"column":33341}},"926":{"start":{"line":4,"column":33341},"end":{"line":4,"column":33357}},"927":{"start":{"line":4,"column":33363},"end":{"line":4,"column":33368}},"928":{"start":{"line":4,"column":33370},"end":{"line":4,"column":33378}},"929":{"start":{"line":4,"column":33412},"end":{"line":4,"column":33477}},"930":{"start":{"line":4,"column":33484},"end":{"line":4,"column":33505}},"931":{"start":{"line":4,"column":33491},"end":{"line":4,"column":33505}},"932":{"start":{"line":4,"column":33514},"end":{"line":4,"column":33568}},"933":{"start":{"line":4,"column":33530},"end":{"line":4,"column":33567}},"934":{"start":{"line":4,"column":33571},"end":{"line":4,"column":33609}},"935":{"start":{"line":4,"column":33588},"end":{"line":4,"column":33609}},"936":{"start":{"line":4,"column":33612},"end":{"line":4,"column":33650}},"937":{"start":{"line":4,"column":33629},"end":{"line":4,"column":33650}},"938":{"start":{"line":4,"column":33653},"end":{"line":4,"column":33688}},"939":{"start":{"line":4,"column":33670},"end":{"line":4,"column":33688}},"940":{"start":{"line":4,"column":33691},"end":{"line":4,"column":33729}},"941":{"start":{"line":4,"column":33708},"end":{"line":4,"column":33729}},"942":{"start":{"line":4,"column":33732},"end":{"line":4,"column":35885}},"943":{"start":{"line":4,"column":33746},"end":{"line":4,"column":33750}},"944":{"start":{"line":4,"column":33753},"end":{"line":4,"column":33757}},"945":{"start":{"line":4,"column":33760},"end":{"line":4,"column":33764}},"946":{"start":{"line":4,"column":33767},"end":{"line":4,"column":33771}},"947":{"start":{"line":4,"column":33772},"end":{"line":4,"column":35884}},"948":{"start":{"line":4,"column":35888},"end":{"line":4,"column":35964}},"949":{"start":{"line":4,"column":35900},"end":{"line":4,"column":35902}},"950":{"start":{"line":4,"column":35903},"end":{"line":4,"column":35955}},"951":{"start":{"line":4,"column":35923},"end":{"line":4,"column":35955}},"952":{"start":{"line":4,"column":35955},"end":{"line":4,"column":35963}},"953":{"start":{"line":4,"column":35967},"end":{"line":4,"column":36031}},"954":{"start":{"line":4,"column":35973},"end":{"line":4,"column":36013}},"955":{"start":{"line":4,"column":36000},"end":{"line":4,"column":36013}},"956":{"start":{"line":4,"column":36013},"end":{"line":4,"column":36030}},"957":{"start":{"line":4,"column":36034},"end":{"line":4,"column":36177}},"958":{"start":{"line":4,"column":36048},"end":{"line":4,"column":36050}},"959":{"start":{"line":4,"column":36051},"end":{"line":4,"column":36168}},"960":{"start":{"line":4,"column":36073},"end":{"line":4,"column":36168}},"961":{"start":{"line":4,"column":36168},"end":{"line":4,"column":36176}},"962":{"start":{"line":4,"column":36180},"end":{"line":4,"column":36525}},"963":{"start":{"line":4,"column":36194},"end":{"line":4,"column":36202}},"964":{"start":{"line":4,"column":36205},"end":{"line":4,"column":36250}},"965":{"start":{"line":4,"column":36257},"end":{"line":4,"column":36312}},"966":{"start":{"line":4,"column":36284},"end":{"line":4,"column":36312}},"967":{"start":{"line":4,"column":36312},"end":{"line":4,"column":36332}},"968":{"start":{"line":4,"column":36340},"end":{"line":4,"column":36373}},"969":{"start":{"line":4,"column":36374},"end":{"line":4,"column":36432}},"970":{"start":{"line":4,"column":36397},"end":{"line":4,"column":36432}},"971":{"start":{"line":4,"column":36432},"end":{"line":4,"column":36499}},"972":{"start":{"line":4,"column":36464},"end":{"line":4,"column":36471}},"973":{"start":{"line":4,"column":36471},"end":{"line":4,"column":36498}},"974":{"start":{"line":4,"column":36492},"end":{"line":4,"column":36498}},"975":{"start":{"line":4,"column":36499},"end":{"line":4,"column":36524}},"976":{"start":{"line":4,"column":36526},"end":{"line":4,"column":36708}},"977":{"start":{"line":4,"column":36603},"end":{"line":4,"column":36622}},"978":{"start":{"line":4,"column":36623},"end":{"line":4,"column":36664}},"979":{"start":{"line":4,"column":36746},"end":{"line":4,"column":36849}},"980":{"start":{"line":4,"column":36900},"end":{"line":4,"column":37062}},"981":{"start":{"line":4,"column":37068},"end":{"line":4,"column":37117}},"982":{"start":{"line":4,"column":37072},"end":{"line":4,"column":37106}},"983":{"start":{"line":4,"column":37117},"end":{"line":4,"column":37148}},"984":{"start":{"line":4,"column":37186},"end":{"line":4,"column":37604}},"985":{"start":{"line":4,"column":37446},"end":{"line":4,"column":37592}},"986":{"start":{"line":4,"column":37536},"end":{"line":4,"column":37581}},"987":{"start":{"line":4,"column":37640},"end":{"line":4,"column":37747}},"988":{"start":{"line":4,"column":37674},"end":{"line":4,"column":37717}},"989":{"start":{"line":4,"column":37718},"end":{"line":4,"column":37746}},"990":{"start":{"line":4,"column":37747},"end":{"line":4,"column":37758}},"991":{"start":{"line":4,"column":37799},"end":{"line":4,"column":37801}},"992":{"start":{"line":4,"column":37802},"end":{"line":4,"column":37951}},"993":{"start":{"line":4,"column":37997},"end":{"line":4,"column":38043}},"994":{"start":{"line":4,"column":38044},"end":{"line":4,"column":38195}},"995":{"start":{"line":4,"column":38225},"end":{"line":4,"column":38270}},"996":{"start":{"line":4,"column":38303},"end":{"line":4,"column":38311}},"997":{"start":{"line":4,"column":38312},"end":{"line":4,"column":38348}},"998":{"start":{"line":4,"column":38404},"end":{"line":4,"column":39125}},"999":{"start":{"line":4,"column":38436},"end":{"line":4,"column":38451}},"1000":{"start":{"line":4,"column":38459},"end":{"line":4,"column":38604}},"1001":{"start":{"line":4,"column":38471},"end":{"line":4,"column":38595}},"1002":{"start":{"line":4,"column":38513},"end":{"line":4,"column":38595}},"1003":{"start":{"line":4,"column":38595},"end":{"line":4,"column":38603}},"1004":{"start":{"line":4,"column":38605},"end":{"line":4,"column":39121}},"1005":{"start":{"line":4,"column":38640},"end":{"line":4,"column":39044}},"1006":{"start":{"line":4,"column":38675},"end":{"line":4,"column":38677}},"1007":{"start":{"line":4,"column":38686},"end":{"line":4,"column":38921}},"1008":{"start":{"line":4,"column":38698},"end":{"line":4,"column":38867}},"1009":{"start":{"line":4,"column":38730},"end":{"line":4,"column":38813}},"1010":{"start":{"line":4,"column":38734},"end":{"line":4,"column":38752}},"1011":{"start":{"line":4,"column":38762},"end":{"line":4,"column":38812}},"1012":{"start":{"line":4,"column":38813},"end":{"line":4,"column":38857}},"1013":{"start":{"line":4,"column":38817},"end":{"line":4,"column":38824}},"1014":{"start":{"line":4,"column":38834},"end":{"line":4,"column":38838}},"1015":{"start":{"line":4,"column":38847},"end":{"line":4,"column":38856}},"1016":{"start":{"line":4,"column":38857},"end":{"line":4,"column":38865}},"1017":{"start":{"line":4,"column":38868},"end":{"line":4,"column":38917}},"1018":{"start":{"line":4,"column":38886},"end":{"line":4,"column":38916}},"1019":{"start":{"line":4,"column":38928},"end":{"line":4,"column":38942}},"1020":{"start":{"line":4,"column":38951},"end":{"line":4,"column":38967}},"1021":{"start":{"line":4,"column":38968},"end":{"line":4,"column":38990}},"1022":{"start":{"line":4,"column":38972},"end":{"line":4,"column":38979}},"1023":{"start":{"line":4,"column":38990},"end":{"line":4,"column":39042}},"1024":{"start":{"line":4,"column":39045},"end":{"line":4,"column":39094}},"1025":{"start":{"line":4,"column":39063},"end":{"line":4,"column":39093}},"1026":{"start":{"line":4,"column":39184},"end":{"line":4,"column":40107}},"1027":{"start":{"line":4,"column":39224},"end":{"line":4,"column":39475}},"1028":{"start":{"line":4,"column":39236},"end":{"line":4,"column":39474}},"1029":{"start":{"line":4,"column":39242},"end":{"line":4,"column":39407}},"1030":{"start":{"line":4,"column":39298},"end":{"line":4,"column":39407}},"1031":{"start":{"line":4,"column":39407},"end":{"line":4,"column":39473}},"1032":{"start":{"line":4,"column":39476},"end":{"line":4,"column":39988}},"1033":{"start":{"line":4,"column":39481},"end":{"line":4,"column":39988}},"1034":{"start":{"line":4,"column":39514},"end":{"line":4,"column":39932}},"1035":{"start":{"line":4,"column":39549},"end":{"line":4,"column":39551}},"1036":{"start":{"line":4,"column":39560},"end":{"line":4,"column":39809}},"1037":{"start":{"line":4,"column":39572},"end":{"line":4,"column":39755}},"1038":{"start":{"line":4,"column":39598},"end":{"line":4,"column":39753}},"1039":{"start":{"line":4,"column":39610},"end":{"line":4,"column":39626}},"1040":{"start":{"line":4,"column":39627},"end":{"line":4,"column":39641}},"1041":{"start":{"line":4,"column":39632},"end":{"line":4,"column":39641}},"1042":{"start":{"line":4,"column":39649},"end":{"line":4,"column":39653}},"1043":{"start":{"line":4,"column":39654},"end":{"line":4,"column":39683}},"1044":{"start":{"line":4,"column":39659},"end":{"line":4,"column":39683}},"1045":{"start":{"line":4,"column":39683},"end":{"line":4,"column":39719}},"1046":{"start":{"line":4,"column":39729},"end":{"line":4,"column":39752}},"1047":{"start":{"line":4,"column":39756},"end":{"line":4,"column":39805}},"1048":{"start":{"line":4,"column":39774},"end":{"line":4,"column":39804}},"1049":{"start":{"line":4,"column":39816},"end":{"line":4,"column":39830}},"1050":{"start":{"line":4,"column":39839},"end":{"line":4,"column":39855}},"1051":{"start":{"line":4,"column":39856},"end":{"line":4,"column":39878}},"1052":{"start":{"line":4,"column":39860},"end":{"line":4,"column":39867}},"1053":{"start":{"line":4,"column":39878},"end":{"line":4,"column":39930}},"1054":{"start":{"line":4,"column":39933},"end":{"line":4,"column":39982}},"1055":{"start":{"line":4,"column":39951},"end":{"line":4,"column":39981}},"1056":{"start":{"line":4,"column":39988},"end":{"line":4,"column":40054}},"1057":{"start":{"line":4,"column":40000},"end":{"line":4,"column":40021}},"1058":{"start":{"line":4,"column":40022},"end":{"line":4,"column":40035}},"1059":{"start":{"line":4,"column":40027},"end":{"line":4,"column":40035}},"1060":{"start":{"line":4,"column":40045},"end":{"line":4,"column":40053}},"1061":{"start":{"line":4,"column":40054},"end":{"line":4,"column":40103}},"1062":{"start":{"line":4,"column":40157},"end":{"line":4,"column":40204}},"1063":{"start":{"line":4,"column":40207},"end":{"line":4,"column":40266}},"1064":{"start":{"line":4,"column":40267},"end":{"line":4,"column":40368}},"1065":{"start":{"line":4,"column":40284},"end":{"line":4,"column":40368}},"1066":{"start":{"line":4,"column":40368},"end":{"line":4,"column":40449}},"1067":{"start":{"line":4,"column":40394},"end":{"line":4,"column":40404}},"1068":{"start":{"line":4,"column":40495},"end":{"line":4,"column":40632}},"1069":{"start":{"line":4,"column":40633},"end":{"line":4,"column":40706}},"1070":{"start":{"line":4,"column":40816},"end":{"line":4,"column":41503}},"1071":{"start":{"line":4,"column":40849},"end":{"line":4,"column":41448}},"1072":{"start":{"line":4,"column":40884},"end":{"line":4,"column":40934}},"1073":{"start":{"line":4,"column":40888},"end":{"line":4,"column":40912}},"1074":{"start":{"line":4,"column":40922},"end":{"line":4,"column":40933}},"1075":{"start":{"line":4,"column":40934},"end":{"line":4,"column":41446}},"1076":{"start":{"line":4,"column":41005},"end":{"line":4,"column":41391}},"1077":{"start":{"line":4,"column":41032},"end":{"line":4,"column":41083}},"1078":{"start":{"line":4,"column":41071},"end":{"line":4,"column":41083}},"1079":{"start":{"line":4,"column":41089},"end":{"line":4,"column":41154}},"1080":{"start":{"line":4,"column":41093},"end":{"line":4,"column":41132}},"1081":{"start":{"line":4,"column":41142},"end":{"line":4,"column":41153}},"1082":{"start":{"line":4,"column":41154},"end":{"line":4,"column":41385}},"1083":{"start":{"line":4,"column":41180},"end":{"line":4,"column":41216}},"1084":{"start":{"line":4,"column":41217},"end":{"line":4,"column":41384}},"1085":{"start":{"line":4,"column":41251},"end":{"line":4,"column":41323}},"1086":{"start":{"line
[...]
":0,"1180":0,"1181":3,"1182":0,"1183":7,"1184":7,"1185":0,"1186":0,"1187":0,"1188":7,"1189":4,"1190":4,"1191":1,"1192":3,"1193":3,"1194":3,"1195":3,"1196":0,"1197":3,"1198":0,"1199":3,"1200":98,"1201":31,"1202":4,"1203":4,"1204":18,"1205":0,"1206":0,"1207":0,"1208":0,"1209":18,"1210":0,"1211":0,"1212":1,"1213":1,"1214":5,"1215":0,"1216":0,"1217":1,"1218":1,"1219":1,"1220":1,"1221":1,"1222":1,"1223":1,"1224":1,"1225":7,"1226":1,"1227":1,"1228":1,"1229":1,"1230":1,"1231":1,"1232":1,"1233":1,"1234":1,"1235":1,"1236":1,"1237":1,"1238":0,"1239":0,"1240":0,"1241":1,"1242":1,"1243":1,"1244":1,"1245":1,"1246":1,"1247":1,"1248":1,"1249":1,"1250":1,"1251":1,"1252":1,"1253":1,"1254":3,"1255":2820,"1256":330,"1257":318,"1258":0,"1259":0,"1260":0,"1261":0,"1262":318,"1263":1,"1264":1,"1265":1,"1266":1,"1267":1,"1268":1,"1269":1,"1270":1,"1271":1,"1272":1,"1273":1,"1274":3,"1275":3,"1276":3,"1277":3,"1278":3,"1279":3,"1280":3,"1281":3,"1282":3,"1283":3,"1284":3,"1285":3,"1286":3,"1287":3,"1288":3,"1289":3,"1290":3,"1291":3,"1292":3,"1293":3,"1294":3,"1295":3,"1296":3,"1297":3,"1298":3,"1299":3,"1300":3,"1301":3,"1302":3,"1303":3,"1304":3,"1305":3,"1306":3,"1307":3,"1308":3,"1309":27,"1310":3,"1311":36,"1312":3,"1313":3,"1314":9,"1315":3,"1316":6,"1317":3,"1318":18,"1319":3,"1320":12,"1321":3,"1322":15,"1323":3,"1324":9,"1325":3,"1326":21,"1327":3,"1328":12,"1329":3,"1330":21,"1331":3,"1332":3,"1333":3,"1334":3,"1335":0,"1336":3,"1337":3,"1338":15,"1339":3,"1340":1,"1341":1,"1342":1,"1343":4,"1344":4,"1345":4,"1346":4,"1347":3,"1348":4,"1349":1,"1350":4,"1351":1,"1352":19,"1353":1,"1354":13,"1355":1,"1356":3,"1357":21,"1358":1,"1359":1,"1360":3,"1361":12,"1362":1,"1363":3,"1364":3,"1365":24,"1366":1,"1367":3,"1368":3,"1369":3,"1370":3,"1371":3,"1372":3,"1373":6,"1374":3,"1375":3,"1376":3,"1377":3,"1378":27,"1379":3,"1380":15,"1381":3,"1382":3,"1383":3,"1384":3,"1385":3,"1386":3,"1387":3,"1388":3,"1389":3,"1390":3,"1391":3,"1392":3,"1393":3,"1394":3,"1395":3,"1396":3,"1397":3,"1398":3,"1399":3,"1400":3,"1401":6,"1402":3,"1403":3,"1404":3,"1405":3,"1406":3,"1407":1,"1408":1,"1409":1,"1410":1,"1411":1,"1412":0,"1413":3,"1414":0,"1415":3,"1416":3,"1417":0,"1418":3,"1419":6,"1420":12,"1421":3,"1422":0,"1423":3,"1424":3,"1425":3,"1426":3,"1427":15,"1428":3,"1429":33,"1430":3,"1431":39,"1432":3,"1433":15,"1434":3,"1435":102,"1436":3,"1437":3,"1438":60,"1439":3,"1440":3,"1441":3,"1442":3,"1443":78,"1444":3,"1445":3,"1446":57,"1447":3,"1448":3,"1449":3,"1450":3,"1451":3,"1452":3,"1453":3,"1454":102,"1455":3,"1456":96,"1457":3,"1458":3,"1459":3,"1460":3,"1461":3,"1462":27,"1463":39,"1464":3,"1465":3,"1466":3,"1467":3,"1468":63,"1469":3,"1470":3,"1471":51,"1472":3,"1473":36,"1474":3,"1475":12,"1476":3,"1477":15,"1478":3,"1479":9,"1480":3,"1481":12,"1482":3,"1483":12,"1484":3,"1485":15,"1486":3,"1487":15,"1488":3,"1489":24,"1490":3,"1491":12,"1492":3,"1493":18,"1494":3,"1495":54,"1496":3,"1497":15,"1498":3,"1499":9,"1500":3,"1501":3,"1502":15,"1503":3,"1504":15,"1505":3,"1506":3,"1507":3,"1508":24,"1509":3,"1510":9,"1511":9,"1512":3,"1513":15,"1514":3,"1515":24,"1516":3,"1517":15,"1518":3,"1519":21,"1520":3,"1521":18,"1522":3,"1523":12,"1524":3,"1525":36,"1526":3,"1527":33,"1528":3,"1529":33,"1530":3,"1531":3,"1532":66,"1533":3,"1534":27,"1535":3,"1536":15,"1537":3,"1538":12,"1539":3,"1540":27,"1541":3,"1542":27,"1543":3,"1544":36,"1545":3,"1546":21,"1547":3,"1548":60,"1549":3,"1550":12,"1551":3,"1552":12,"1553":3,"1554":21,"1555":3,"1556":24,"1557":27,"1558":27,"1559":27,"1560":36,"1561":3,"1562":21,"1563":141,"1564":144,"1565":87,"1566":246,"1567":267,"1568":66,"1569":3,"1570":15,"1571":3,"1572":9,"1573":3,"1574":42,"1575":3,"1576":30,"1577":3,"1578":12,"1579":3,"1580":15,"1581":3,"1582":9,"1583":3,"1584":18,"1585":3,"1586":24,"1587":3,"1588":42,"1589":3,"1590":3,"1591":3,"1592":15,"1593":15,"1594":15,"1595":3,"1596":3,"1597":3,"1598":3,"1599":3,"1600":3,"1601":15,"1602":15,"1603":0,"1604":3,"1605":3,"1606":3,"1607":0,"1608":0,"1609":0,"1610":3,"1611":3,"1612":3,"1613":3,"1614":3,"1615":3,"1616":0,"1617":3,"1618":3,"1619":3,"1620":3,"1621":3,"1622":3,"1623":3,"1624":3,"1625":3,"1626":3,"1627":0,"1628":3,"1629":3,"1630":3,"1631":3,"1632":3,"1633":3,"1634":3,"1635":6,"1636":6,"1637":0,"1638":6,"1639":3,"1640":3,"1641":3,"1642":0,"1643":3,"1644":3,"1645":3,"1646":3,"1647":3,"1648":6,"1649":3,"1650":3,"1651":3,"1652":3,"1653":3,"1654":3,"1655":3,"1656":0,"1657":3,"1658":3,"1659":6,"1660":6,"1661":0,"1662":6,"1663":3,"1664":3,"1665":3,"1666":3,"1667":3,"1668":3,"1669":6,"1670":3,"1671":3,"1672":3,"1673":3,"1674":3,"1675":3,"1676":3,"1677":3,"1678":0,"1679":3,"1680":3,"1681":3,"1682":3,"1683":3,"1684":3,"1685":3,"1686":3,"1687":6,"1688":0,"1689":3,"1690":3,"1691":3,"1692":3,"1693":1,"1694":3,"1695":1,"1696":1,"1697":1,"1698":1,"1699":3,"1700":3,"1701":3,"1702":5,"1703":3,"1704":1,"1705":1,"1706":1,"1707":1,"1708":1,"1709":1,"1710":3,"1711":3,"1712":3,"1713":3,"1714":21,"1715":21,"1716":3,"1717":1,"1718":2,"1719":1,"1720":5,"1721":1,"1722":2,"1723":3,"1724":3,"1725":3,"1726":1,"1727":1,"1728":0,"1729":1,"1730":1,"1731":1,"1732":1,"1733":1,"1734":1,"1735":1,"1736":1,"1737":1,"1738":1,"1739":1,"1740":1,"1741":1,"1742":1,"1743":1,"1744":1,"1745":1,"1746":8,"1747":1,"1748":0,"1749":1,"1750":1,"1751":1,"1752":1,"1753":0,"1754":1,"1755":1,"1756":1,"1757":1,"1758":0,"1759":0,"1760":1,"1761":1,"1762":1,"1763":0,"1764":1,"1765":1,"1766":1,"1767":1,"1768":1,"1769":1,"1770":1,"1771":1,"1772":1,"1773":1},"f":{"0":1,"1":70,"2":0,"3":0,"4":0,"5":0,"6":0,"7":4,"8":4,"9":40,"10":4,"11":4,"12":0,"13":4,"14":3,"15":12,"16":12,"17":15,"18":261,"19":0,"20":0,"21":3,"22":40,"23":135,"24":24,"25":24,"26":24,"27":24,"28":24,"29":24,"30":3,"31":210,"32":472,"33":463,"34":27,"35":982,"36":834,"37":3,"38":0,"39":12,"40":3,"41":3,"42":0,"43":0,"44":3,"45":24,"46":84,"47":180,"48":86,"49":182,"50":20,"51":8,"52":8,"53":32,"54":1,"55":21,"56":2,"57":12,"58":1,"59":9,"60":24,"61":3,"62":0,"63":27,"64":18,"65":30,"66":21,"67":6,"68":6,"69":88,"70":88,"71":64,"72":3,"73":36,"74":6,"75":9,"76":6,"77":15,"78":2,"79":2,"80":69,"81":33,"82":0,"83":0,"84":15,"85":3,"86":36,"87":66,"88":93,"89":18,"90":1155,"91":558,"92":5721,"93":663,"94":0,"95":0,"96":0,"97":0,"98":0,"99":0,"100":0,"101":0,"102":102,"103":360,"104":309,"105":840,"106":9,"107":858,"108":219,"109":286,"110":30,"111":72,"112":0,"113":27,"114":0,"115":0,"116":111,"117":189,"118":66,"119":21,"120":451,"121":439,"122":12,"123":12,"124":18,"125":15,"126":27,"127":12,"128":18,"129":54,"130":42,"131":15,"132":9,"133":15,"134":18,"135":33,"136":63,"137":15,"138":24,"139":12,"140":15,"141":21,"142":30,"143":135,"144":93,"145":117,"146":75,"147":54,"148":12,"149":27,"150":47,"151":100,"152":609,"153":102,"154":15,"155":57,"156":148,"157":214,"158":21,"159":234,"160":129,"161":66,"162":597,"163":15,"164":7800,"165":1920,"166":480,"167":480,"168":480,"169":480,"170":30,"171":120,"172":30,"173":0,"174":30,"175":0,"176":9,"177":42,"178":30,"179":12,"180":6,"181":12,"182":28,"183":18,"184":369,"185":42,"186":15,"187":15,"188":0,"189":9,"190":9,"191":9,"192":9,"193":9,"194":9,"195":15,"196":15,"197":0,"198":12,"199":12,"200":12,"201":12,"202":12,"203":12,"204":0,"205":0,"206":0,"207":3,"208":3,"209":3,"210":3,"211":3,"212":3,"213":3,"214":3,"215":3,"216":3,"217":3,"218":3,"219":3,"220":3,"221":3,"222":15,"223":15,"224":15,"225":15,"226":9,"227":9,"228":9,"229":9,"230":6,"231":6,"232":6,"233":6,"234":75,"235":75,"236":84,"237":6,"238":6,"239":84,"240":3,"241":0,"242":0,"243":3,"244":0,"245":7,"246":4,"247":22,"248":98,"249":31,"250":18,"251":0,"252":1,"253":1,"254":5,"255":0,"256":0,"257":0,"258":1,"259":1,"260":1,"261":1,"262":1,"263":1,"264":1,"265":1,"266":1,"267":7,"268":0,"269":3,"270":2820,"271":330,"272":1,"273":1,"274":1,"275":1,"276":1,"277":3,"278":3,"279":3,"280":3,"281":3,"282":3,"283":3,"284":3,"285":3,"286":3,"287":3,"288":3,"289":3,"290":3,"291":3,"292":3,"293":3,"294":3,"295":3,"296":3,"297":3,"298":3,"299":3,"300":3,"301":3,"302":3,"303":3,"304":3,"305":3,"306":3,"307":3,"308":0,"309":0,"310":3,"311":0,"312":3,"313":3,"314":3,"315":0,"316":3,"317":3,"318":1,"319":1,"320":1,"321":1,"322":1,"323":1,"324":3,"325":1,"326":3,"327":1,"328":3,"329":3,"330":1,"331":3,"332":3,"333":6,"334":3,"335":3,"336":0,"337":3,"338":3,"339":3,"340":3,"341":3,"342":3,"343":3,"344":3,"345":3,"346":6,"347":3,"348":3,"349":3,"350":3,"351":1,"352":1,"353":1,"354":0,"355":3,"356":0,"357":0,"358":3,"359":6,"360":12,"361":3,"362":0,"363":3,"364":3,"365":3,"366":3,"367":3,"368":3,"369":3,"370":0,"371":0,"372":3,"373":3,"374":0,"375":0,"376":0,"377":0,"378":3,"379":3,"380":3,"381":3,"382":3,"383":3,"384":27,"385":39,"386":3,"387":3,"388":3,"389":3,"390":3,"391":3,"392":0,"393":3,"394":3,"395":3,"396":3,"397":3,"398":3,"399":3,"400":3,"401":3,"402":3,"403":3,"404":3,"405":3,"406":3,"407":3,"408":3,"409":9,"410":3,"411":3,"412":3,"413":3,"414":3,"415":3,"416":3,"417":3,"418":3,"419":3,"420":3,"421":3,"422":3,"423":3,"424":3,"425":3,"426":3,"427":3,"428":3,"429":3,"430":24,"431":27,"432":27,"433":27,"434":3,"435":21,"436":141,"437":144,"438":87,"439":246,"440":267,"441":3,"442":3,"443":3,"444":3,"445":3,"446":3,"447":3,"448":3,"449":3,"450":3,"451":3,"452":3,"453":3,"454":3,"455":3,"456":0,"457":0,"458":3,"459":3,"460":3,"461":3,"462":3,"463":3,"464":3,"465":3,"466":3,"467":3,"468":3,"469":3,"470":3,"471":3,"472":3,"473":3,"474":3,"475":3,"476":3,"477":3,"478":3,"479":3,"480":3,"481":3,"482":3,"483":0,"484":0,"485":3,"486":6,"487":0,"488":1,"489":1,"490":1,"491":1,"492":0,"493":1,"494":1,"495":1,"496":1,"497":1,"498":1,"499":1,"500":1,"501":1,"502":0,"503":1,"504":1,"505":0,"506":1,"507":1,"508":1,"509":1,"510":1,"511":1,"512":1,"513":1},"b":{"0":[42,28],"1":[0,0],"2":[0,0],"3":[0,0],"4":[40,0],"5":[40,40],"6":[1,3],"7":[0,1],"8":[0,1],"9":[1,3],"10":[4,3],"11":[0,3],"12":[3,1],"13":[2,1],"14":[3,2],"15":[4,0],"16":[4,0],"17":[8,8],"18":[0,0,0],"19":[4,4],"20":[4,4,3],"21":[0],"22":[6,6],"23":[9,6],"24":[129],"25":[261],"26":[261],"27":[261],"28":[261,101],"29":[261,0],"30":[5742,7],"31":[261,261,261,215,0,0],"32":[3,1],"33":[13],"34":[34],"35":[135,132],"36":[132,0],"37":[135,0],"38":[95,40],"39":[135,101,98,58],"40":[2,93],"41":[40,0],"42":[40,27],"43":[6],"44":[24],"45":[24,0],"46":[18,6],"47":[24,21],"48":[18,3],"49":[0],"50":[210,108],"51":[472,463,460,6],"52":[463,454,442],"53":[0,460],"54":[460,460],"55":[439,21],"56":[460,21],"57":[3,18],"58":[21,3],"59":[12,21],"60":[6,6],"61":[6,15],"62":[982,718,709],"63":[834,820],"64":[0,0],"65":[0,0],"66":[3],"67":[3],"68":[3],"69":[0,12],"70":[12,12,12],"71":[0,0],"72":[0,0],"73":[0,0],"74":[0,0],"75":[0,0],"76":[0,0],"77":[0,0,0],"78":[0,0],"79":[18],"80":[18],"81":[3,21],"82":[6,6],"83":[6,0],"84":[84,0],"85":[34,146],"86":[34,0],"87":[146,4],"88":[86,0],"89":[10,172],"90":[10,0],"91":[172,4],"92":[8,0],"93":[8,8],"94":[8,0],"95":[8,0],"96":[0,0],"97":[0,0,0],"98":[0,0],"99":[0,0],"100":[0,0],"101":[0,0],"102":[31],"103":[7,25],"104":[23,2],"105":[25,25],"106":[34,7],"107":[41,39,37,31,29,8],"108":[2,5],"109":[18,0],"110":[18,18],"111":[6,12],"112":[1],"113":[1,0],"114":[1,1,1,1],"115":[0,1],"116":[0,1],"117":[0,1],"118":[0,1],"119":[15,6],"120":[12,12],"121":[12,3],"122":[0,4],"123":[9,0],"124":[9,9],"125":[24,0],"126":[3,0],"127":[1,2],"128":[2,2],"129":[4,0],"130":[4,0],"131":[3,3],"132":[3,3],"133":[3,3],"134":[15],"135":[57,45,45,9],"136":[3],"137":[6],"138":[6],"139":[9],"140":[3,15],"141":[18,9],"142":[27,3],"143":[3,27],"144":[27,15],"145":[27,3],"146":[21,6],"147":[27,27,27],"148":[6,0],"149":[3,3],"150":[6,3],"151":[49,66],"152":[115,66],"153":[3,46],"154":[46,46],"155":[85,3],"156":[3,0],"157":[36,36],"158":[3,33],"159":[3],"160":[9,0],"161":[3,6],"162":[6,3],"163":[6],"164":[15],"165":[15,6],"166":[3,3],"167":[3,0],"168":[6,9],"169":[15,15,6],"170":[15],"171":[30],"172":[30],"173":[30],"174":[63],"175":[45,24],"176":[69,63],"177":[3,42],"178":[3,39],"179":[0,39],"180":[36,3],"181":[24,24],"182":[51,18],"183":[69,18],"184":[33,15],"185":[48,36,33],"186":[33,33],"187":[6,27],"188":[0,27],"189":[0,27],"190":[33,0],"191":[15],"192":[15],"193":[27,9],"194":[36,30],"195":[3,24],"196":[30],"197":[39,27],"198":[21,18],"199":[21,21],"200":[15,3],"201":[0,15],"202":[0,0],"203":[12,3],"204":[0,3],"205":[36],"206":[66,27],"207":[33,33],"208":[30,30],"209":[30,30],"210":[30,3],"211":[21,9],"212":[3,6],"213":[3,3],"214":[15,15],"215":[3,12],"216":[12,12],"217":[21],"218":[108],"219":[210],"220":[210],"221":[210],"222":[210],"223":[792,363],"224":[387,405],"225":[0,387],"226":[18,369],"227":[387,147],"228":[150,219],"229":[369,150],"230":[0,150],"231":[558,174,174,78],"232":[84,285],"233":[42,243],"234":[42,201],"235":[201,0],"236":[330,330],"237":[393,12],"238":[84,309],"239":[48,261],"240":[48,213],"241":[3,210],"242":[3,207],"243":[744,375],"244":[31],"245":[73,5648],"246":[5144,504],"247":[5648,5144],"248":[5138,6],"249":[90],"250":[105],"251":[129],"252":[132],"253":[138],"254":[330,333],"255":[663,657,3,660,345,0,345,6,6,342,9,9,0,9,9,9,336,3,3,3,3,3],"256":[0,333],"257":[333,0,0,0],"258":[0,0],"259":[261,72],"260":[333,156,150,183,99,99,96,12,84,12,24],"261":[150,150],"262":[0,459],"263":[459,138,138],"264":[0,459],"265":[459,21,21],"266":[0,459],"267":[459,21,21],"268":[138,321],"269":[321,6],"270":[36,285],"271":[285,0,0],"272":[21,300],"273":[15,0],"274":[3,12],"275":[12,0,0],"276":[21,279],"277":[27,0],"278":[0,42],"279":[24,18],"280":[0,27],"281":[3,24],"282":[294,0],"283":[18,276],"284":[294,36],"285":[36,12],"286":[36,240],"287":[144,96],"288":[21,123],"289":[123,0,0],"290":[198,0],"291":[78],"292":[84],"293":[90],"294":[99],"295":[12,90],"296":[102,93],"297":[90,90],"298":[48],"299":[306,54],"300":[0,309],"301":[309,309],"302":[441,441,441,228,222],"303":[222,84,156],"304":[219,621],"305":[273,348],"306":[219,312],"307":[24,105],"308":[21,84],"309":[0,21],"310":[21,0],"311":[84,0],"312":[9,0],"313":[582,276],"314":[858,591],"315":[219,363],"316":[219,54],"317":[537,0],"318":[129,408],"319":[219,0],"320":[219,219],"321":[132,252],"322":[384,384,384,141],"323":[132,0],"324":[90,0],"325":[90,90],"326":[3,87],"327":[0,87],"328":[161,125],"329":[9,348],"330":[357,36],"331":[357,36],"332":[357,348],"333":[36,312],"334":[348,36],"335":[300,12],"336":[312,312,300,300,300,300],"337":[349,349],"338":[42,42],"339":[0,42],"340":[42,33,42],"341":[3],"342":[0,0],"343":[24,3],"344":[0,0],"345":[0,0],"346":[57],"347":[57],"348":[60],"349":[63],"350":[63],"351":[63],"352":[63],"353":[0,111],"354":[111,0],"355":[0,0],"356":[111,0],"357":[111,111,111,111],"358":[126,0],"359":[66,60],"360":[60,6],"361":[24,36],"362":[0,36],"363":[36,0,0],"364":[36,30],"365":[18,18],"366":[6,0],"367":[6,6],"368":[66,60,60],"369":[60,60,48],"370":[0],"371":[51],"372":[51],"373":[51],"374":[0,189],"375":[12,177],"376":[0,177],"377":[30,147],"378":[69,78],"379":[147,84],"380":[6,72],"381":[3,0],"382":[6,3],"383":[12,60],"384":[18,9],"385":[12,3],"386":[12,48],"387":[24,15],"388":[9,3],"389":[75,36],"390":[48,39],"391":[24,42],"392":[42,0],"393":[0,42],"394":[42,0],"395":[87,87],"396":[12],"397":[15,6],"398":[21,21],"399":[0,15],"400":[15,3],"401":[0,12],"402":[0,12],"403":[0,12],"404":[9,9],"405":[451,0],"406":[439,439],"407":[436,3],"408":[0,436],"409":[39,27],"410":[9],"411":[12,0],"412":[12,12,12],"413":[6,15],"414":[12],"415":[0,18],"416":[3,15],"417":[18,18,6,3],"418":[12,3],"419":[21,15],"420":[3,24],"421":[33,18],"422":[30,3],"423":[12,0],"424":[12,12],"425":[6,6],"426":[12,6,6],"427":[12,6],"428":[18,0],"429":[18,18],"430":[6,9],"431":[15,15],"432":[9,6],"433":[15,9],"434":[21],"435":[33],"436":[18,24],"437":[33,9],"438":[33,30],"439":[42,24,9],"440":[9,6],"441":[42,12],"442":[30,12],"443":[33,9],"444":[42,39,39],"445":[12,18],"446":[6,6],"447":[12,12],"448":[24,18],"449":[12,6],"450":[12],"451":[6,9],"452":[6,3],"453":[9,0],"454":[9,9],"455":[18,9],"456":[9,0],"457":[12],"458":[9,6],"459":[9,6],"460":[9,6],"461":[9],"462":[18,0],"463":[12,6],"464":[3,3],"465":[0,0],"466":[60,0],"467":[42,18],"468":[60,27],"469":[108,63],"470":[9,54],"471":[63,63],"472":[24,30],"473":[60,21],"474":[21,21],"475":[39,15],"476":[78,42],"477":[6],"478":[0,15],"479":[15,3],"480":[15,12],"481":[180,147],"482":[24],"483":[3,12],"484":[15],"485":[12,9],"486":[21,15],"487":[0],"488":[0],"489":[0,0,0],"490":[21],"491":[30,30],"492":[30,24],"493":[30,21],"494":[0],"495":[0,0,0],"496":[66],"497":[66,66,0],"498":[108,27],"499":[135,129,129,108],"500":[0],"501":[0,0,0],"502":[27],"503":[93],"504":[21,72],"505":[93,21],"506":[12,60],"507":[0,12],"508":[12,0,0,0],"509":[6,6],"510":[0],"511":[0,0,0],"512":[42],"513":[42,42,0],"514":[75,42],"515":[117,75,75],"516":[36],"517":[36],"518":[36],"519":[36,36,36],"520":[39,36],"521":[9,66],"522":[0,66],"523":[66,66],"524":[0,0],"525":[0,0],"526":[66,66],"527":[66,66],"528":[69,6],"529":[51,24],"530":[75,51],"531":[12,39],"532":[39,39],"533":[24,9],"534":[57,18],"535":[75,24,6],"536":[66,9],"537":[15],"538":[15,15,0],"539":[54,45,33,18,27,6],"540":[12,0],"541":[6,6],"542":[15,12],"543":[82],"544":[94],"545":[100,94],"546":[97,3],"547":[664,567],"548":[30],"549":[81],"550":[84],"551":[99],"552":[102,81],"553":[9,93],"554":[573,486],"555":[102,6],"556":[102,3],"557":[102,6],"558":[24],"559":[228,6],"560":[234,231],"561":[159,588],"562":[84,75],"563":[75,366],"564":[30],"565":[48],"566":[57,9],"567":[66,60,57],"568":[57,30],"569":[198,129,33,96],"570":[96,33],"571":[24,72],"572":[9],"573":[0,30],"574":[15,0],"575":[6,9],"576":[9,0],"577":[9,3],"578":[36],"579":[42],"580":[42,0,0],"581":[42,27],"582":[27,15],"583":[15,15],"584":[30,18],"585":[3,9],"586":[12,0],"587":[28,19],"588":[28,11,11],"589":[6],"590":[0,18],"591":[6,12],"592":[369,45],"593":[3],"594":[0],"595":[3],"596":[6],"597":[15],"598":[15],"599":[0,0],"600":[0,0,0],"601":[9,6],"602":[9,9],"603":[0],"604":[3],"605":[3],"606":[3],"607":[15],"608":[0,0],"609":[0,0],"610":[0,0,0],"611":[12,3],"612":[0,0],"613":[0,0],"614":[0,0],"615":[0],"616":[0],"617":[0,0],"618":[0,0],"619":[0,0],"620":[0],"621":[0],"622":[0],"623":[3],"624":[3],"625":[3,0],"626":[0,3],"627":[3,0],"628":[0,0],"629":[3,0],"630":[3,3],"631":[0,0],"632":[0,0],"633":[0],"634":[3],"635":[3],"636":[3,0],"637":[3,0],"638":[3,3],"639":[3],"640":[3],"641":[3,0],"642":[0,3],"643":[0,3],"644":[3],"645":[3],"646":[3,0],"647":[6,9],"648":[6,0],"649":[6,6],"650":[6,0],"651":[6,6],"652":[0,9],"653":[0,0],"654":[0,0],"655":[0,0],"656":[0,0],"657":[0],"658":[6],"659":[0,6],"660":[75,75],"661":[75,0],"662":[6,6],"663":[0,84],"664":[0,0],"665":[30,54],"666":[84,84],"667":[15,15],"668":[30,30,30],"669":[0,54],"670":[6,48],"671":[54,54],"672":[6,0],"673":[0,0],"674":[0,0,0],"675":[0,0,0,0],"676":[0],"677":[6],"678":[6,6],"679":[0,84],"680":[0,0],"681":[30,54],"682":[84,84],"683":[15,15],"684":[30,30,30],"685":[0,54],"686":[6,48],"687":[54,54],"688":[6,0],"689":[0,0,0,0],"690":[3],"691":[3],"692":[0,0],"693":[0,0],"694":[0,0],"695":[0,0],"696":[1],"697":[4],"698":[0,7],"699":[7,0],"700":[0,0],"701":[7,4],"702":[7,7],"703":[3,4],"704":[4,0],"705":[1,3],"706":[3,3],"707":[3,0],"708":[3,3],"709":[0,3],"710":[0,3],"711":[3,0],"712":[1,3],"713":[4,4],"714":[0,18],"715":[18,18,18,0],"716":[0,0],"717":[0,0],"718":[0,0],"719":[0,0],"720":[5,5],"721":[5,5],"722":[7,0],"723":[7,7],"724":[0],"725":[0],"726":[0,0],"727":[0,0],"728":[3,3],"729":[2820,0],"730":[318,12],"731":[0,318],"732":[0,0],"733":[0,0],"734":[0,1],"735":[1,0],"736":[3,1],"737":[3,3],"738":[3,1],"739":[3,1],"740":[3,1],"741":[3,1],"742":[3,1],"743":[3,3],"744":[9,3],"745":[3,0],"746":[0,0],"747":[0,3],"748":[3,3,0,0],"749":[3,1],"750":[5,5],"751":[1,0],"752":[1,0],"753":[3,0],"754":[3,0],"755":[1,2],"756":[1,1],"757":[5,5],"758":[1,2],"759":[3,0,0,0],"760":[1,0],"761":[0,1],"762":[1,0],"763":[1,1,1,1],"764":[1,0],"765":[1,0],"766":[1,1],"767":[0,0],"768":[0,0],"769":[1,0,0],"770":[0,1]},"_coverageSchema":"332fd63041d2c1bcb487cc26dd0d5f7d97098a6c","hash":"fbdcc0738ad0a3f2e2b1454c0ddd890ef52fa1c8","contentHash":"b602619482a7f82d97b3d0f572e73bdf_11.4.1"}}